{
  "stats": {
    "suites": 45,
    "tests": 42,
    "passes": 40,
    "pending": 0,
    "failures": 2,
    "start": "2022-06-01T07:20:00.812Z",
    "end": "2022-06-01T07:20:01.645Z",
    "duration": 833,
    "testsRegistered": 42,
    "passPercent": 95.23809523809523,
    "pendingPercent": 0,
    "other": 0,
    "hasOther": false,
    "skipped": 0,
    "hasSkipped": false
  },
  "results": [
    {
      "uuid": "7372ec48-6b1a-45f3-b567-0ecd304e62fb",
      "title": "",
      "fullFile": "",
      "file": "",
      "beforeHooks": [],
      "afterHooks": [],
      "tests": [],
      "suites": [
        {
          "uuid": "643a3df5-cd18-4cac-ad37-464a8545a297",
          "title": "Test skuitem CRUD features",
          "fullFile": "C:\\Users\\maste\\OneDrive\\Desktop\\Progetto di gruppo\\EzWh\\code\\server\\acceptanceTest\\testEzWhAPI.js",
          "file": "\\acceptanceTest\\testEzWhAPI.js",
          "beforeHooks": [],
          "afterHooks": [],
          "tests": [],
          "suites": [
            {
              "uuid": "a909457c-abcb-4c8e-b34b-8c1b1cfd5bfe",
              "title": "removing all skuitems",
              "fullFile": "C:\\Users\\maste\\OneDrive\\Desktop\\Progetto di gruppo\\EzWh\\code\\server\\acceptanceTest\\testEzWhAPI.js",
              "file": "\\acceptanceTest\\testEzWhAPI.js",
              "beforeHooks": [],
              "afterHooks": [],
              "tests": [
                {
                  "title": "Getting SKUitems",
                  "fullTitle": "Test skuitem CRUD features removing all skuitems Getting SKUitems",
                  "timedOut": false,
                  "duration": 42,
                  "state": "passed",
                  "speed": "medium",
                  "pass": true,
                  "fail": false,
                  "pending": false,
                  "context": null,
                  "code": "agent.get('/api/skuitems')\n.then(function (res) {\n    res.should.have.status(200);\n    if (res.body.length !==0) {\n        for (let i = 0; i < res.body.length; i++) {\n            agent.delete('/api/skuitems/'+res.body[i].RFID)\n            .then(function (res2) {\n                res2.should.have.status(204); \n            });\n        }\n        \n    } \n    done();\n}).catch(err => done(err));",
                  "err": {},
                  "uuid": "f0c8e19b-39c7-4125-8dc1-c535a74155d4",
                  "parentUUID": "a909457c-abcb-4c8e-b34b-8c1b1cfd5bfe",
                  "isHook": false,
                  "skipped": false
                }
              ],
              "suites": [],
              "passes": [
                "f0c8e19b-39c7-4125-8dc1-c535a74155d4"
              ],
              "failures": [],
              "pending": [],
              "skipped": [],
              "duration": 42,
              "root": false,
              "rootEmpty": false,
              "_timeout": 10000
            },
            {
              "uuid": "e7dff53a-b933-4735-9c2c-a52a2f87cf2c",
              "title": "removing all skus",
              "fullFile": "C:\\Users\\maste\\OneDrive\\Desktop\\Progetto di gruppo\\EzWh\\code\\server\\acceptanceTest\\testEzWhAPI.js",
              "file": "\\acceptanceTest\\testEzWhAPI.js",
              "beforeHooks": [],
              "afterHooks": [],
              "tests": [
                {
                  "title": "Getting SKUs",
                  "fullTitle": "Test skuitem CRUD features removing all skus Getting SKUs",
                  "timedOut": false,
                  "duration": 9,
                  "state": "passed",
                  "speed": "fast",
                  "pass": true,
                  "fail": false,
                  "pending": false,
                  "context": null,
                  "code": "agent.get('/api/skus')\n.then(function (res) {\n    res.should.have.status(200);\n    if (res.body.length !==0) {\n        for (let i = 0; i < res.body.length; i++) {\n            \n            agent.delete('/api/skus/'+res.body[i].id)\n            .then(function (res2) {\n                res2.should.have.status(204);\n            });\n        }\n    } \n    done();\n}).catch(err => done(err));",
                  "err": {},
                  "uuid": "145a88a8-131e-4892-b6b9-79f37edb6177",
                  "parentUUID": "e7dff53a-b933-4735-9c2c-a52a2f87cf2c",
                  "isHook": false,
                  "skipped": false
                }
              ],
              "suites": [],
              "passes": [
                "145a88a8-131e-4892-b6b9-79f37edb6177"
              ],
              "failures": [],
              "pending": [],
              "skipped": [],
              "duration": 9,
              "root": false,
              "rootEmpty": false,
              "_timeout": 10000
            },
            {
              "uuid": "590db74a-8c97-4122-a5b1-9886e39002fb",
              "title": "post /api/sku/",
              "fullFile": "C:\\Users\\maste\\OneDrive\\Desktop\\Progetto di gruppo\\EzWh\\code\\server\\acceptanceTest\\testEzWhAPI.js",
              "file": "\\acceptanceTest\\testEzWhAPI.js",
              "beforeHooks": [],
              "afterHooks": [],
              "tests": [
                {
                  "title": "FR 2.1 a -> Define a new SKU",
                  "fullTitle": "Test skuitem CRUD features post /api/sku/ FR 2.1 a -> Define a new SKU",
                  "timedOut": false,
                  "duration": 88,
                  "state": "passed",
                  "speed": "slow",
                  "pass": true,
                  "fail": false,
                  "pending": false,
                  "context": null,
                  "code": "agent.post('/api/sku/')\n.send(thesku)\n.then(function (res) {\n    res.should.have.status(expCode);\n    done();\n}).catch(err=>done(err));",
                  "err": {},
                  "uuid": "dc6ffd37-2fa3-4757-b96b-03179d8881ca",
                  "parentUUID": "590db74a-8c97-4122-a5b1-9886e39002fb",
                  "isHook": false,
                  "skipped": false
                }
              ],
              "suites": [],
              "passes": [
                "dc6ffd37-2fa3-4757-b96b-03179d8881ca"
              ],
              "failures": [],
              "pending": [],
              "skipped": [],
              "duration": 88,
              "root": false,
              "rootEmpty": false,
              "_timeout": 10000
            },
            {
              "uuid": "afae3f2d-3721-4d37-8532-7633177a02b0",
              "title": "post /api/sku/",
              "fullFile": "C:\\Users\\maste\\OneDrive\\Desktop\\Progetto di gruppo\\EzWh\\code\\server\\acceptanceTest\\testEzWhAPI.js",
              "file": "\\acceptanceTest\\testEzWhAPI.js",
              "beforeHooks": [],
              "afterHooks": [],
              "tests": [
                {
                  "title": "FR 2.1 a -> Define a new SKU",
                  "fullTitle": "Test skuitem CRUD features post /api/sku/ FR 2.1 a -> Define a new SKU",
                  "timedOut": false,
                  "duration": 28,
                  "state": "passed",
                  "speed": "fast",
                  "pass": true,
                  "fail": false,
                  "pending": false,
                  "context": null,
                  "code": "agent.post('/api/sku/')\n.send(thesku)\n.then(function (res) {\n    res.should.have.status(expCode);\n    done();\n}).catch(err=>done(err));",
                  "err": {},
                  "uuid": "ec6a098e-2fb9-4fcc-a35b-ef1de949f8e7",
                  "parentUUID": "afae3f2d-3721-4d37-8532-7633177a02b0",
                  "isHook": false,
                  "skipped": false
                }
              ],
              "suites": [],
              "passes": [
                "ec6a098e-2fb9-4fcc-a35b-ef1de949f8e7"
              ],
              "failures": [],
              "pending": [],
              "skipped": [],
              "duration": 28,
              "root": false,
              "rootEmpty": false,
              "_timeout": 10000
            },
            {
              "uuid": "8fc2ea32-23af-45a7-93c4-16a37eff044c",
              "title": "get /api/skus",
              "fullFile": "C:\\Users\\maste\\OneDrive\\Desktop\\Progetto di gruppo\\EzWh\\code\\server\\acceptanceTest\\testEzWhAPI.js",
              "file": "\\acceptanceTest\\testEzWhAPI.js",
              "beforeHooks": [],
              "afterHooks": [],
              "tests": [
                {
                  "title": "FR 2.3 -> List all SKUs",
                  "fullTitle": "Test skuitem CRUD features get /api/skus FR 2.3 -> List all SKUs",
                  "timedOut": false,
                  "duration": 11,
                  "state": "passed",
                  "speed": "fast",
                  "pass": true,
                  "fail": false,
                  "pending": false,
                  "context": null,
                  "code": "agent.get('/api/skus')\n.then(function (res) {\n    res.should.have.status(expCode);\n    res.body.should.be.a('array');\n    res.body.length.should.be.eql(size);\n    let id = [];\n    if (size > 0) {\n        for (let i = 0; i < size; i++) {\n            id[i] = res.body[i].id;\n            res.body[i].description.should.equal(sku[i].description);\n            res.body[i].weight.should.equal(sku[i].weight);\n            res.body[i].volume.should.equal(sku[i].volume);\n            res.body[i].notes.should.equal(sku[i].notes);\n            res.body[i].availableQuantity.should.equal(sku[i].availableQuantity);\n            res.body[i].price.should.equal(sku[i].price);\n        }\n        ids.setIdSku(id);\n    }             \n    done();\n}).catch(err=>done(err));",
                  "err": {},
                  "uuid": "b0e3ea9d-a133-4298-a62a-6b3fec5117af",
                  "parentUUID": "8fc2ea32-23af-45a7-93c4-16a37eff044c",
                  "isHook": false,
                  "skipped": false
                }
              ],
              "suites": [],
              "passes": [
                "b0e3ea9d-a133-4298-a62a-6b3fec5117af"
              ],
              "failures": [],
              "pending": [],
              "skipped": [],
              "duration": 11,
              "root": false,
              "rootEmpty": false,
              "_timeout": 10000
            },
            {
              "uuid": "c74cb868-82f1-4337-9d65-6f0ccf66f99d",
              "title": "post /api/skuitem/",
              "fullFile": "C:\\Users\\maste\\OneDrive\\Desktop\\Progetto di gruppo\\EzWh\\code\\server\\acceptanceTest\\testEzWhAPI.js",
              "file": "\\acceptanceTest\\testEzWhAPI.js",
              "beforeHooks": [],
              "afterHooks": [],
              "tests": [
                {
                  "title": "Adding skuitem details",
                  "fullTitle": "Test skuitem CRUD features post /api/skuitem/ Adding skuitem details",
                  "timedOut": false,
                  "duration": 24,
                  "state": "passed",
                  "speed": "fast",
                  "pass": true,
                  "fail": false,
                  "pending": false,
                  "context": null,
                  "code": "let id = ids.getIdSku();\nlet skuitem;\nif(myskuitem.SKUId > id.length || myskuitem.SKUId === null){\n    skuitem = newSkuItem(myskuitem.RFID, myskuitem.SKUId , myskuitem.DateOfStock); \n}\nelse{\n    skuitem = newSkuItem(myskuitem.RFID, id[myskuitem.SKUId] , myskuitem.DateOfStock);\n}\nagent.post('/api/skuitem/')\n.send(skuitem)\n.then(function (res) {\n    res.should.have.status(expCode);\n    done();\n}).catch(err=>done(err));",
                  "err": {},
                  "uuid": "9ebba5c8-d7ee-4e97-ae29-dc47251365f2",
                  "parentUUID": "c74cb868-82f1-4337-9d65-6f0ccf66f99d",
                  "isHook": false,
                  "skipped": false
                }
              ],
              "suites": [],
              "passes": [
                "9ebba5c8-d7ee-4e97-ae29-dc47251365f2"
              ],
              "failures": [],
              "pending": [],
              "skipped": [],
              "duration": 24,
              "root": false,
              "rootEmpty": false,
              "_timeout": 10000
            },
            {
              "uuid": "4ada09b6-4b53-45ab-9b9b-344ec2ec33bf",
              "title": "post /api/skuitem/",
              "fullFile": "C:\\Users\\maste\\OneDrive\\Desktop\\Progetto di gruppo\\EzWh\\code\\server\\acceptanceTest\\testEzWhAPI.js",
              "file": "\\acceptanceTest\\testEzWhAPI.js",
              "beforeHooks": [],
              "afterHooks": [],
              "tests": [
                {
                  "title": "Adding skuitem details",
                  "fullTitle": "Test skuitem CRUD features post /api/skuitem/ Adding skuitem details",
                  "timedOut": false,
                  "duration": 20,
                  "state": "passed",
                  "speed": "fast",
                  "pass": true,
                  "fail": false,
                  "pending": false,
                  "context": null,
                  "code": "let id = ids.getIdSku();\nlet skuitem;\nif(myskuitem.SKUId > id.length || myskuitem.SKUId === null){\n    skuitem = newSkuItem(myskuitem.RFID, myskuitem.SKUId , myskuitem.DateOfStock); \n}\nelse{\n    skuitem = newSkuItem(myskuitem.RFID, id[myskuitem.SKUId] , myskuitem.DateOfStock);\n}\nagent.post('/api/skuitem/')\n.send(skuitem)\n.then(function (res) {\n    res.should.have.status(expCode);\n    done();\n}).catch(err=>done(err));",
                  "err": {},
                  "uuid": "ef1f8ed8-2378-4546-80a8-55f025c622c8",
                  "parentUUID": "4ada09b6-4b53-45ab-9b9b-344ec2ec33bf",
                  "isHook": false,
                  "skipped": false
                }
              ],
              "suites": [],
              "passes": [
                "ef1f8ed8-2378-4546-80a8-55f025c622c8"
              ],
              "failures": [],
              "pending": [],
              "skipped": [],
              "duration": 20,
              "root": false,
              "rootEmpty": false,
              "_timeout": 10000
            },
            {
              "uuid": "937de7a7-a6b2-4cf3-9364-492ca0f3f111",
              "title": "post /api/skuitem/",
              "fullFile": "C:\\Users\\maste\\OneDrive\\Desktop\\Progetto di gruppo\\EzWh\\code\\server\\acceptanceTest\\testEzWhAPI.js",
              "file": "\\acceptanceTest\\testEzWhAPI.js",
              "beforeHooks": [],
              "afterHooks": [],
              "tests": [
                {
                  "title": "Adding skuitem details",
                  "fullTitle": "Test skuitem CRUD features post /api/skuitem/ Adding skuitem details",
                  "timedOut": false,
                  "duration": 9,
                  "state": "passed",
                  "speed": "fast",
                  "pass": true,
                  "fail": false,
                  "pending": false,
                  "context": null,
                  "code": "let id = ids.getIdSku();\nlet skuitem;\nif(myskuitem.SKUId > id.length || myskuitem.SKUId === null){\n    skuitem = newSkuItem(myskuitem.RFID, myskuitem.SKUId , myskuitem.DateOfStock); \n}\nelse{\n    skuitem = newSkuItem(myskuitem.RFID, id[myskuitem.SKUId] , myskuitem.DateOfStock);\n}\nagent.post('/api/skuitem/')\n.send(skuitem)\n.then(function (res) {\n    res.should.have.status(expCode);\n    done();\n}).catch(err=>done(err));",
                  "err": {},
                  "uuid": "6045e6a1-29c0-4921-b6cb-fe7c3fd4ea63",
                  "parentUUID": "937de7a7-a6b2-4cf3-9364-492ca0f3f111",
                  "isHook": false,
                  "skipped": false
                }
              ],
              "suites": [],
              "passes": [
                "6045e6a1-29c0-4921-b6cb-fe7c3fd4ea63"
              ],
              "failures": [],
              "pending": [],
              "skipped": [],
              "duration": 9,
              "root": false,
              "rootEmpty": false,
              "_timeout": 10000
            },
            {
              "uuid": "0216f21b-ae53-4e60-824b-6b745af47161",
              "title": "post /api/skuitem/",
              "fullFile": "C:\\Users\\maste\\OneDrive\\Desktop\\Progetto di gruppo\\EzWh\\code\\server\\acceptanceTest\\testEzWhAPI.js",
              "file": "\\acceptanceTest\\testEzWhAPI.js",
              "beforeHooks": [],
              "afterHooks": [],
              "tests": [
                {
                  "title": "Adding skuitem details",
                  "fullTitle": "Test skuitem CRUD features post /api/skuitem/ Adding skuitem details",
                  "timedOut": false,
                  "duration": 8,
                  "state": "passed",
                  "speed": "fast",
                  "pass": true,
                  "fail": false,
                  "pending": false,
                  "context": null,
                  "code": "let id = ids.getIdSku();\nlet skuitem;\nif(myskuitem.SKUId > id.length || myskuitem.SKUId === null){\n    skuitem = newSkuItem(myskuitem.RFID, myskuitem.SKUId , myskuitem.DateOfStock); \n}\nelse{\n    skuitem = newSkuItem(myskuitem.RFID, id[myskuitem.SKUId] , myskuitem.DateOfStock);\n}\nagent.post('/api/skuitem/')\n.send(skuitem)\n.then(function (res) {\n    res.should.have.status(expCode);\n    done();\n}).catch(err=>done(err));",
                  "err": {},
                  "uuid": "1f7129ca-c160-4944-b5f9-ccadf60b8360",
                  "parentUUID": "0216f21b-ae53-4e60-824b-6b745af47161",
                  "isHook": false,
                  "skipped": false
                }
              ],
              "suites": [],
              "passes": [
                "1f7129ca-c160-4944-b5f9-ccadf60b8360"
              ],
              "failures": [],
              "pending": [],
              "skipped": [],
              "duration": 8,
              "root": false,
              "rootEmpty": false,
              "_timeout": 10000
            },
            {
              "uuid": "bcee9be2-5c12-45c8-b6f5-9a29cb00c92a",
              "title": "get /api/skuitems",
              "fullFile": "C:\\Users\\maste\\OneDrive\\Desktop\\Progetto di gruppo\\EzWh\\code\\server\\acceptanceTest\\testEzWhAPI.js",
              "file": "\\acceptanceTest\\testEzWhAPI.js",
              "beforeHooks": [],
              "afterHooks": [],
              "tests": [
                {
                  "title": "Getting SKUitems",
                  "fullTitle": "Test skuitem CRUD features get /api/skuitems Getting SKUitems",
                  "timedOut": false,
                  "duration": 10,
                  "state": "passed",
                  "speed": "fast",
                  "pass": true,
                  "fail": false,
                  "pending": false,
                  "context": null,
                  "code": "agent.get('/api/skuitems')\n.then(function (res) {\n//                console.log(res.body[0]);\n    res.should.have.status(expCode);\n    res.body.should.be.a('array');\n    res.body.length.should.be.equal(size);\n    let idSKUs = ids.getIdSku();\n    for (let i = 0; i < size; i++) {\n        res.body[i].RFID.should.equal(skuitems[i].RFID);\n        res.body[i].SKUId.should.equal(idSKUs[skuitems[i].SKUId]);\n        res.body[i].DateOfStock.should.equal(skuitems[i].DateOfStock);\n        if(skuitems[i].Available !== undefined){\n            res.body[i].Available.should.equal(skuitems[i].Available);\n            //console.log('null');\n        }\n    }\n    \n    done();                \n}).catch(err=>done(err));",
                  "err": {},
                  "uuid": "034f4764-ec47-4c2e-afe4-23bddf2a5736",
                  "parentUUID": "bcee9be2-5c12-45c8-b6f5-9a29cb00c92a",
                  "isHook": false,
                  "skipped": false
                }
              ],
              "suites": [],
              "passes": [
                "034f4764-ec47-4c2e-afe4-23bddf2a5736"
              ],
              "failures": [],
              "pending": [],
              "skipped": [],
              "duration": 10,
              "root": false,
              "rootEmpty": false,
              "_timeout": 10000
            },
            {
              "uuid": "3db23f40-0635-431d-bb4b-4b1fb4ab7c14",
              "title": "put /api/skutems/:rfid",
              "fullFile": "C:\\Users\\maste\\OneDrive\\Desktop\\Progetto di gruppo\\EzWh\\code\\server\\acceptanceTest\\testEzWhAPI.js",
              "file": "\\acceptanceTest\\testEzWhAPI.js",
              "beforeHooks": [],
              "afterHooks": [],
              "tests": [
                {
                  "title": "Editing SKUitems details passing its rfid",
                  "fullTitle": "Test skuitem CRUD features put /api/skutems/:rfid Editing SKUitems details passing its rfid",
                  "timedOut": false,
                  "duration": 27,
                  "state": "passed",
                  "speed": "fast",
                  "pass": true,
                  "fail": false,
                  "pending": false,
                  "context": null,
                  "code": "//            console.log(newskuitem);\n            agent.put('/api/skuitems/'+newskuitem.newRFID)\n            .send(newskuitem)\n            .then(function (res) {\n//                console.log(res.body);\n                res.should.have.status(expCode);\n                done();\n            }).catch(err=>done(err));",
                  "err": {},
                  "uuid": "6a11f69c-1d67-4780-956e-df0176435f9a",
                  "parentUUID": "3db23f40-0635-431d-bb4b-4b1fb4ab7c14",
                  "isHook": false,
                  "skipped": false
                }
              ],
              "suites": [],
              "passes": [
                "6a11f69c-1d67-4780-956e-df0176435f9a"
              ],
              "failures": [],
              "pending": [],
              "skipped": [],
              "duration": 27,
              "root": false,
              "rootEmpty": false,
              "_timeout": 10000
            },
            {
              "uuid": "c01222a3-f396-47c4-a624-523774c957cc",
              "title": "put /api/skutems/:rfid",
              "fullFile": "C:\\Users\\maste\\OneDrive\\Desktop\\Progetto di gruppo\\EzWh\\code\\server\\acceptanceTest\\testEzWhAPI.js",
              "file": "\\acceptanceTest\\testEzWhAPI.js",
              "beforeHooks": [],
              "afterHooks": [],
              "tests": [
                {
                  "title": "Editing SKUitems details passing its rfid",
                  "fullTitle": "Test skuitem CRUD features put /api/skutems/:rfid Editing SKUitems details passing its rfid",
                  "timedOut": false,
                  "duration": 7,
                  "state": "passed",
                  "speed": "fast",
                  "pass": true,
                  "fail": false,
                  "pending": false,
                  "context": null,
                  "code": "//            console.log(newskuitem);\n            agent.put('/api/skuitems/'+newskuitem.newRFID)\n            .send(newskuitem)\n            .then(function (res) {\n//                console.log(res.body);\n                res.should.have.status(expCode);\n                done();\n            }).catch(err=>done(err));",
                  "err": {},
                  "uuid": "7ae8506e-2ab7-4e32-a5f6-784ec5a7dfd0",
                  "parentUUID": "c01222a3-f396-47c4-a624-523774c957cc",
                  "isHook": false,
                  "skipped": false
                }
              ],
              "suites": [],
              "passes": [
                "7ae8506e-2ab7-4e32-a5f6-784ec5a7dfd0"
              ],
              "failures": [],
              "pending": [],
              "skipped": [],
              "duration": 7,
              "root": false,
              "rootEmpty": false,
              "_timeout": 10000
            },
            {
              "uuid": "dafdd83e-4f99-4a8b-b4c7-cf3f9208a405",
              "title": "put /api/skutems/:rfid",
              "fullFile": "C:\\Users\\maste\\OneDrive\\Desktop\\Progetto di gruppo\\EzWh\\code\\server\\acceptanceTest\\testEzWhAPI.js",
              "file": "\\acceptanceTest\\testEzWhAPI.js",
              "beforeHooks": [],
              "afterHooks": [],
              "tests": [
                {
                  "title": "Editing SKUitems details passing its rfid",
                  "fullTitle": "Test skuitem CRUD features put /api/skutems/:rfid Editing SKUitems details passing its rfid",
                  "timedOut": false,
                  "duration": 5,
                  "state": "passed",
                  "speed": "fast",
                  "pass": true,
                  "fail": false,
                  "pending": false,
                  "context": null,
                  "code": "//            console.log(newskuitem);\n            agent.put('/api/skuitems/'+newskuitem.newRFID)\n            .send(newskuitem)\n            .then(function (res) {\n//                console.log(res.body);\n                res.should.have.status(expCode);\n                done();\n            }).catch(err=>done(err));",
                  "err": {},
                  "uuid": "ad6c2f53-e08e-44c3-a794-e1ef0fd16fc2",
                  "parentUUID": "dafdd83e-4f99-4a8b-b4c7-cf3f9208a405",
                  "isHook": false,
                  "skipped": false
                }
              ],
              "suites": [],
              "passes": [
                "ad6c2f53-e08e-44c3-a794-e1ef0fd16fc2"
              ],
              "failures": [],
              "pending": [],
              "skipped": [],
              "duration": 5,
              "root": false,
              "rootEmpty": false,
              "_timeout": 10000
            },
            {
              "uuid": "755a175a-1d67-4aa8-bf48-1a57ca33f08d",
              "title": "put /api/skutems/:rfid",
              "fullFile": "C:\\Users\\maste\\OneDrive\\Desktop\\Progetto di gruppo\\EzWh\\code\\server\\acceptanceTest\\testEzWhAPI.js",
              "file": "\\acceptanceTest\\testEzWhAPI.js",
              "beforeHooks": [],
              "afterHooks": [],
              "tests": [
                {
                  "title": "Editing SKUitems details passing its rfid",
                  "fullTitle": "Test skuitem CRUD features put /api/skutems/:rfid Editing SKUitems details passing its rfid",
                  "timedOut": false,
                  "duration": 8,
                  "state": "passed",
                  "speed": "fast",
                  "pass": true,
                  "fail": false,
                  "pending": false,
                  "context": null,
                  "code": "//            console.log(newskuitem);\n            agent.put('/api/skuitems/'+newskuitem.newRFID)\n            .send(newskuitem)\n            .then(function (res) {\n//                console.log(res.body);\n                res.should.have.status(expCode);\n                done();\n            }).catch(err=>done(err));",
                  "err": {},
                  "uuid": "9bedb0ef-d589-42d9-b778-4a561f9a0666",
                  "parentUUID": "755a175a-1d67-4aa8-bf48-1a57ca33f08d",
                  "isHook": false,
                  "skipped": false
                }
              ],
              "suites": [],
              "passes": [
                "9bedb0ef-d589-42d9-b778-4a561f9a0666"
              ],
              "failures": [],
              "pending": [],
              "skipped": [],
              "duration": 8,
              "root": false,
              "rootEmpty": false,
              "_timeout": 10000
            },
            {
              "uuid": "dd1bcbf0-43a4-4a93-b7d2-fa84805906b9",
              "title": "get /api/skuitems/sku/:id",
              "fullFile": "C:\\Users\\maste\\OneDrive\\Desktop\\Progetto di gruppo\\EzWh\\code\\server\\acceptanceTest\\testEzWhAPI.js",
              "file": "\\acceptanceTest\\testEzWhAPI.js",
              "beforeHooks": [],
              "afterHooks": [],
              "tests": [
                {
                  "title": "Getting SKUitems passing its id",
                  "fullTitle": "Test skuitem CRUD features get /api/skuitems/sku/:id Getting SKUitems passing its id",
                  "timedOut": false,
                  "duration": 8,
                  "state": "passed",
                  "speed": "fast",
                  "pass": true,
                  "fail": false,
                  "pending": false,
                  "context": null,
                  "code": "let idskus = ids.getIdSku();\nlet nowskuid;\nif(skuidith > idskus.length || skuidith === null){\n    nowskuid = skuidith;\n    agent.get('/api/skuitems/sku/'+nowskuid)\n    .then(function (res) {\n        res.should.have.status(expCode);\n        done();\n    }).catch(err=>done(err));\n}\nelse{\n    nowskuid = idskus[skuidith];\n    agent.get('/api/skuitems/sku/'+nowskuid)\n    .then(function (res) {\n        res.should.have.status(expCode);\n        res.body.should.be.a('array');\n        res.body.length.should.be.eql(expectedsize);\n        for (let i = 0; i < expectedsize; i++) {\n            res.body[i].RFID.should.equal(expectedskuitem[i].RFID);\n            res.body[i].SKUId.should.equal(idskus[expectedskuitem[i].SKUId]);\n            res.body[i].DateOfStock.should.equal(expectedskuitem[i].DateOfStock);                    \n        }\n        done();\n    }).catch(err=>done(err));\n}",
                  "err": {},
                  "uuid": "3144eb33-6e75-4fd6-b7f8-e5d4ae73446d",
                  "parentUUID": "dd1bcbf0-43a4-4a93-b7d2-fa84805906b9",
                  "isHook": false,
                  "skipped": false
                }
              ],
              "suites": [],
              "passes": [
                "3144eb33-6e75-4fd6-b7f8-e5d4ae73446d"
              ],
              "failures": [],
              "pending": [],
              "skipped": [],
              "duration": 8,
              "root": false,
              "rootEmpty": false,
              "_timeout": 10000
            },
            {
              "uuid": "8e2b3142-80ed-481f-b26b-fc3fa72699c5",
              "title": "get /api/skuitems/sku/:id",
              "fullFile": "C:\\Users\\maste\\OneDrive\\Desktop\\Progetto di gruppo\\EzWh\\code\\server\\acceptanceTest\\testEzWhAPI.js",
              "file": "\\acceptanceTest\\testEzWhAPI.js",
              "beforeHooks": [],
              "afterHooks": [],
              "tests": [
                {
                  "title": "Getting SKUitems passing its id",
                  "fullTitle": "Test skuitem CRUD features get /api/skuitems/sku/:id Getting SKUitems passing its id",
                  "timedOut": false,
                  "duration": 6,
                  "state": "passed",
                  "speed": "fast",
                  "pass": true,
                  "fail": false,
                  "pending": false,
                  "context": null,
                  "code": "let idskus = ids.getIdSku();\nlet nowskuid;\nif(skuidith > idskus.length || skuidith === null){\n    nowskuid = skuidith;\n    agent.get('/api/skuitems/sku/'+nowskuid)\n    .then(function (res) {\n        res.should.have.status(expCode);\n        done();\n    }).catch(err=>done(err));\n}\nelse{\n    nowskuid = idskus[skuidith];\n    agent.get('/api/skuitems/sku/'+nowskuid)\n    .then(function (res) {\n        res.should.have.status(expCode);\n        res.body.should.be.a('array');\n        res.body.length.should.be.eql(expectedsize);\n        for (let i = 0; i < expectedsize; i++) {\n            res.body[i].RFID.should.equal(expectedskuitem[i].RFID);\n            res.body[i].SKUId.should.equal(idskus[expectedskuitem[i].SKUId]);\n            res.body[i].DateOfStock.should.equal(expectedskuitem[i].DateOfStock);                    \n        }\n        done();\n    }).catch(err=>done(err));\n}",
                  "err": {},
                  "uuid": "57380a8f-bf07-4285-b061-216012ae7d03",
                  "parentUUID": "8e2b3142-80ed-481f-b26b-fc3fa72699c5",
                  "isHook": false,
                  "skipped": false
                }
              ],
              "suites": [],
              "passes": [
                "57380a8f-bf07-4285-b061-216012ae7d03"
              ],
              "failures": [],
              "pending": [],
              "skipped": [],
              "duration": 6,
              "root": false,
              "rootEmpty": false,
              "_timeout": 10000
            },
            {
              "uuid": "6facfe7a-b9a4-4d96-8105-4b279f4c7c2d",
              "title": "get /api/skuitems/sku/:id",
              "fullFile": "C:\\Users\\maste\\OneDrive\\Desktop\\Progetto di gruppo\\EzWh\\code\\server\\acceptanceTest\\testEzWhAPI.js",
              "file": "\\acceptanceTest\\testEzWhAPI.js",
              "beforeHooks": [],
              "afterHooks": [],
              "tests": [
                {
                  "title": "Getting SKUitems passing its id",
                  "fullTitle": "Test skuitem CRUD features get /api/skuitems/sku/:id Getting SKUitems passing its id",
                  "timedOut": false,
                  "duration": 9,
                  "state": "passed",
                  "speed": "fast",
                  "pass": true,
                  "fail": false,
                  "pending": false,
                  "context": null,
                  "code": "let idskus = ids.getIdSku();\nlet nowskuid;\nif(skuidith > idskus.length || skuidith === null){\n    nowskuid = skuidith;\n    agent.get('/api/skuitems/sku/'+nowskuid)\n    .then(function (res) {\n        res.should.have.status(expCode);\n        done();\n    }).catch(err=>done(err));\n}\nelse{\n    nowskuid = idskus[skuidith];\n    agent.get('/api/skuitems/sku/'+nowskuid)\n    .then(function (res) {\n        res.should.have.status(expCode);\n        res.body.should.be.a('array');\n        res.body.length.should.be.eql(expectedsize);\n        for (let i = 0; i < expectedsize; i++) {\n            res.body[i].RFID.should.equal(expectedskuitem[i].RFID);\n            res.body[i].SKUId.should.equal(idskus[expectedskuitem[i].SKUId]);\n            res.body[i].DateOfStock.should.equal(expectedskuitem[i].DateOfStock);                    \n        }\n        done();\n    }).catch(err=>done(err));\n}",
                  "err": {},
                  "uuid": "ed477cb5-62eb-45e5-ad78-4566cf50e0b1",
                  "parentUUID": "6facfe7a-b9a4-4d96-8105-4b279f4c7c2d",
                  "isHook": false,
                  "skipped": false
                }
              ],
              "suites": [],
              "passes": [
                "ed477cb5-62eb-45e5-ad78-4566cf50e0b1"
              ],
              "failures": [],
              "pending": [],
              "skipped": [],
              "duration": 9,
              "root": false,
              "rootEmpty": false,
              "_timeout": 10000
            },
            {
              "uuid": "fe29fc2f-c7b6-484c-a6d4-d1e235161b39",
              "title": "get /api/skuitems",
              "fullFile": "C:\\Users\\maste\\OneDrive\\Desktop\\Progetto di gruppo\\EzWh\\code\\server\\acceptanceTest\\testEzWhAPI.js",
              "file": "\\acceptanceTest\\testEzWhAPI.js",
              "beforeHooks": [],
              "afterHooks": [],
              "tests": [
                {
                  "title": "Getting SKUitems",
                  "fullTitle": "Test skuitem CRUD features get /api/skuitems Getting SKUitems",
                  "timedOut": false,
                  "duration": 13,
                  "state": "passed",
                  "speed": "fast",
                  "pass": true,
                  "fail": false,
                  "pending": false,
                  "context": null,
                  "code": "agent.get('/api/skuitems')\n.then(function (res) {\n//                console.log(res.body[0]);\n    res.should.have.status(expCode);\n    res.body.should.be.a('array');\n    res.body.length.should.be.equal(size);\n    let idSKUs = ids.getIdSku();\n    for (let i = 0; i < size; i++) {\n        res.body[i].RFID.should.equal(skuitems[i].RFID);\n        res.body[i].SKUId.should.equal(idSKUs[skuitems[i].SKUId]);\n        res.body[i].DateOfStock.should.equal(skuitems[i].DateOfStock);\n        if(skuitems[i].Available !== undefined){\n            res.body[i].Available.should.equal(skuitems[i].Available);\n            //console.log('null');\n        }\n    }\n    \n    done();                \n}).catch(err=>done(err));",
                  "err": {},
                  "uuid": "b3973f8b-70d7-4eab-97e7-5c4f2027f8d4",
                  "parentUUID": "fe29fc2f-c7b6-484c-a6d4-d1e235161b39",
                  "isHook": false,
                  "skipped": false
                }
              ],
              "suites": [],
              "passes": [
                "b3973f8b-70d7-4eab-97e7-5c4f2027f8d4"
              ],
              "failures": [],
              "pending": [],
              "skipped": [],
              "duration": 13,
              "root": false,
              "rootEmpty": false,
              "_timeout": 10000
            },
            {
              "uuid": "5769f406-ed3a-4b99-a331-de15c6cabbe2",
              "title": "get /api/skuitems/:RFID",
              "fullFile": "C:\\Users\\maste\\OneDrive\\Desktop\\Progetto di gruppo\\EzWh\\code\\server\\acceptanceTest\\testEzWhAPI.js",
              "file": "\\acceptanceTest\\testEzWhAPI.js",
              "beforeHooks": [],
              "afterHooks": [],
              "tests": [
                {
                  "title": "Getting SKUitems passing its rfid",
                  "fullTitle": "Test skuitem CRUD features get /api/skuitems/:RFID Getting SKUitems passing its rfid",
                  "timedOut": false,
                  "duration": 15,
                  "state": "failed",
                  "speed": null,
                  "pass": false,
                  "fail": true,
                  "pending": false,
                  "context": null,
                  "code": "let idskus = ids.getIdSku();\nagent.get('/api/skuitems/'+expectedskuitem.RFID)\n.then(function (res) {\n    res.should.have.status(expCode);\n    if(res.status==200){\n        res.body.should.be.a('object');\n        res.body.RFID.should.equal(expectedskuitem.RFID);\n        res.body.SKUId.should.equal(idskus[expectedskuitem.SKUId]);\n        res.body.DateOfStock.should.equal(expectedskuitem.DateOfStock);\n        if(res.body.Available !== undefined){\n            res.body.Available.should.equal(expAvail);\n        }\n    }\n    done();\n}).catch(err=>done(err));",
                  "err": {
                    "message": "AssertionError: expected [ { …(4) } ] to be an object",
                    "estack": "AssertionError: expected [ { …(4) } ] to be an object\n    at C:\\Users\\maste\\OneDrive\\Desktop\\Progetto di gruppo\\EzWh\\code\\server\\acceptanceTest\\utils-skuitems.js:140:40\n    at processTicksAndRejections (node:internal/process/task_queues:96:5)",
                    "diff": null
                  },
                  "uuid": "0cd9cfc5-44eb-47ae-8b0c-b92e20480645",
                  "parentUUID": "5769f406-ed3a-4b99-a331-de15c6cabbe2",
                  "isHook": false,
                  "skipped": false
                }
              ],
              "suites": [],
              "passes": [],
              "failures": [
                "0cd9cfc5-44eb-47ae-8b0c-b92e20480645"
              ],
              "pending": [],
              "skipped": [],
              "duration": 15,
              "root": false,
              "rootEmpty": false,
              "_timeout": 10000
            },
            {
              "uuid": "4ca9d02b-97f7-4377-90c4-c0d758ea2de5",
              "title": "get /api/skuitems/:RFID",
              "fullFile": "C:\\Users\\maste\\OneDrive\\Desktop\\Progetto di gruppo\\EzWh\\code\\server\\acceptanceTest\\testEzWhAPI.js",
              "file": "\\acceptanceTest\\testEzWhAPI.js",
              "beforeHooks": [],
              "afterHooks": [],
              "tests": [
                {
                  "title": "Getting SKUitems passing its rfid",
                  "fullTitle": "Test skuitem CRUD features get /api/skuitems/:RFID Getting SKUitems passing its rfid",
                  "timedOut": false,
                  "duration": 9,
                  "state": "passed",
                  "speed": "fast",
                  "pass": true,
                  "fail": false,
                  "pending": false,
                  "context": null,
                  "code": "let idskus = ids.getIdSku();\nagent.get('/api/skuitems/'+expectedskuitem.RFID)\n.then(function (res) {\n    res.should.have.status(expCode);\n    if(res.status==200){\n        res.body.should.be.a('object');\n        res.body.RFID.should.equal(expectedskuitem.RFID);\n        res.body.SKUId.should.equal(idskus[expectedskuitem.SKUId]);\n        res.body.DateOfStock.should.equal(expectedskuitem.DateOfStock);\n        if(res.body.Available !== undefined){\n            res.body.Available.should.equal(expAvail);\n        }\n    }\n    done();\n}).catch(err=>done(err));",
                  "err": {},
                  "uuid": "6df55fce-5987-4879-8080-0b846c90c16d",
                  "parentUUID": "4ca9d02b-97f7-4377-90c4-c0d758ea2de5",
                  "isHook": false,
                  "skipped": false
                }
              ],
              "suites": [],
              "passes": [
                "6df55fce-5987-4879-8080-0b846c90c16d"
              ],
              "failures": [],
              "pending": [],
              "skipped": [],
              "duration": 9,
              "root": false,
              "rootEmpty": false,
              "_timeout": 10000
            },
            {
              "uuid": "0a404b76-36a1-47af-b11f-1feb9d11b9fb",
              "title": "get /api/skuitems/:RFID",
              "fullFile": "C:\\Users\\maste\\OneDrive\\Desktop\\Progetto di gruppo\\EzWh\\code\\server\\acceptanceTest\\testEzWhAPI.js",
              "file": "\\acceptanceTest\\testEzWhAPI.js",
              "beforeHooks": [],
              "afterHooks": [],
              "tests": [
                {
                  "title": "Getting SKUitems passing its rfid",
                  "fullTitle": "Test skuitem CRUD features get /api/skuitems/:RFID Getting SKUitems passing its rfid",
                  "timedOut": false,
                  "duration": 17,
                  "state": "passed",
                  "speed": "fast",
                  "pass": true,
                  "fail": false,
                  "pending": false,
                  "context": null,
                  "code": "let idskus = ids.getIdSku();\nagent.get('/api/skuitems/'+expectedskuitem.RFID)\n.then(function (res) {\n    res.should.have.status(expCode);\n    if(res.status==200){\n        res.body.should.be.a('object');\n        res.body.RFID.should.equal(expectedskuitem.RFID);\n        res.body.SKUId.should.equal(idskus[expectedskuitem.SKUId]);\n        res.body.DateOfStock.should.equal(expectedskuitem.DateOfStock);\n        if(res.body.Available !== undefined){\n            res.body.Available.should.equal(expAvail);\n        }\n    }\n    done();\n}).catch(err=>done(err));",
                  "err": {},
                  "uuid": "e89eb49d-4d2c-4cf5-8a6c-bb6e953574e9",
                  "parentUUID": "0a404b76-36a1-47af-b11f-1feb9d11b9fb",
                  "isHook": false,
                  "skipped": false
                }
              ],
              "suites": [],
              "passes": [
                "e89eb49d-4d2c-4cf5-8a6c-bb6e953574e9"
              ],
              "failures": [],
              "pending": [],
              "skipped": [],
              "duration": 17,
              "root": false,
              "rootEmpty": false,
              "_timeout": 10000
            }
          ],
          "passes": [],
          "failures": [],
          "pending": [],
          "skipped": [],
          "duration": 0,
          "root": false,
          "rootEmpty": false,
          "_timeout": 10000
        },
        {
          "uuid": "7ce81975-e7bc-4763-8ea8-e456749870b9",
          "title": "Testing Functional requirements pt2",
          "fullFile": "C:\\Users\\maste\\OneDrive\\Desktop\\Progetto di gruppo\\EzWh\\code\\server\\acceptanceTest\\testEzWhAPI.js",
          "file": "\\acceptanceTest\\testEzWhAPI.js",
          "beforeHooks": [],
          "afterHooks": [],
          "tests": [],
          "suites": [
            {
              "uuid": "ba78dc15-0d1f-4e65-9c89-bded10f15400",
              "title": "Test skuitem CRUD features",
              "fullFile": "C:\\Users\\maste\\OneDrive\\Desktop\\Progetto di gruppo\\EzWh\\code\\server\\acceptanceTest\\testEzWhAPI.js",
              "file": "\\acceptanceTest\\testEzWhAPI.js",
              "beforeHooks": [],
              "afterHooks": [],
              "tests": [],
              "suites": [
                {
                  "uuid": "16def5c8-783a-4378-beae-370ba441e630",
                  "title": "removing all skuitems",
                  "fullFile": "C:\\Users\\maste\\OneDrive\\Desktop\\Progetto di gruppo\\EzWh\\code\\server\\acceptanceTest\\testEzWhAPI.js",
                  "file": "\\acceptanceTest\\testEzWhAPI.js",
                  "beforeHooks": [],
                  "afterHooks": [],
                  "tests": [
                    {
                      "title": "Getting SKUitems",
                      "fullTitle": "Testing Functional requirements pt2 Test skuitem CRUD features removing all skuitems Getting SKUitems",
                      "timedOut": false,
                      "duration": 16,
                      "state": "passed",
                      "speed": "fast",
                      "pass": true,
                      "fail": false,
                      "pending": false,
                      "context": null,
                      "code": "agent.get('/api/skuitems')\n.then(function (res) {\n    res.should.have.status(200);\n    if (res.body.length !==0) {\n        for (let i = 0; i < res.body.length; i++) {\n            agent.delete('/api/skuitems/'+res.body[i].RFID)\n            .then(function (res2) {\n                res2.should.have.status(204); \n            });\n        }\n        \n    } \n    done();\n}).catch(err => done(err));",
                      "err": {},
                      "uuid": "e08eb8be-4b70-43a4-be26-2f24fd3ee6f9",
                      "parentUUID": "16def5c8-783a-4378-beae-370ba441e630",
                      "isHook": false,
                      "skipped": false
                    }
                  ],
                  "suites": [],
                  "passes": [
                    "e08eb8be-4b70-43a4-be26-2f24fd3ee6f9"
                  ],
                  "failures": [],
                  "pending": [],
                  "skipped": [],
                  "duration": 16,
                  "root": false,
                  "rootEmpty": false,
                  "_timeout": 10000
                },
                {
                  "uuid": "7edbaa1a-9f25-4c59-9468-97d04b3e5f11",
                  "title": "removing all skus",
                  "fullFile": "C:\\Users\\maste\\OneDrive\\Desktop\\Progetto di gruppo\\EzWh\\code\\server\\acceptanceTest\\testEzWhAPI.js",
                  "file": "\\acceptanceTest\\testEzWhAPI.js",
                  "beforeHooks": [],
                  "afterHooks": [],
                  "tests": [
                    {
                      "title": "Getting SKUs",
                      "fullTitle": "Testing Functional requirements pt2 Test skuitem CRUD features removing all skus Getting SKUs",
                      "timedOut": false,
                      "duration": 46,
                      "state": "passed",
                      "speed": "medium",
                      "pass": true,
                      "fail": false,
                      "pending": false,
                      "context": null,
                      "code": "agent.get('/api/skus')\n.then(function (res) {\n    res.should.have.status(200);\n    if (res.body.length !==0) {\n        for (let i = 0; i < res.body.length; i++) {\n            \n            agent.delete('/api/skus/'+res.body[i].id)\n            .then(function (res2) {\n                res2.should.have.status(204);\n            });\n        }\n    } \n    done();\n}).catch(err => done(err));",
                      "err": {},
                      "uuid": "2cfda172-63e8-4fdb-987e-4c499f6b5f08",
                      "parentUUID": "7edbaa1a-9f25-4c59-9468-97d04b3e5f11",
                      "isHook": false,
                      "skipped": false
                    }
                  ],
                  "suites": [],
                  "passes": [
                    "2cfda172-63e8-4fdb-987e-4c499f6b5f08"
                  ],
                  "failures": [],
                  "pending": [],
                  "skipped": [],
                  "duration": 46,
                  "root": false,
                  "rootEmpty": false,
                  "_timeout": 10000
                },
                {
                  "uuid": "72882864-7481-445d-aea5-c6cf7a4d5795",
                  "title": "post /api/sku/",
                  "fullFile": "C:\\Users\\maste\\OneDrive\\Desktop\\Progetto di gruppo\\EzWh\\code\\server\\acceptanceTest\\testEzWhAPI.js",
                  "file": "\\acceptanceTest\\testEzWhAPI.js",
                  "beforeHooks": [],
                  "afterHooks": [],
                  "tests": [
                    {
                      "title": "FR 2.1 a -> Define a new SKU",
                      "fullTitle": "Testing Functional requirements pt2 Test skuitem CRUD features post /api/sku/ FR 2.1 a -> Define a new SKU",
                      "timedOut": false,
                      "duration": 51,
                      "state": "passed",
                      "speed": "medium",
                      "pass": true,
                      "fail": false,
                      "pending": false,
                      "context": null,
                      "code": "agent.post('/api/sku/')\n.send(thesku)\n.then(function (res) {\n    res.should.have.status(expCode);\n    done();\n}).catch(err=>done(err));",
                      "err": {},
                      "uuid": "2944b405-6063-461c-b531-f8a2598b7884",
                      "parentUUID": "72882864-7481-445d-aea5-c6cf7a4d5795",
                      "isHook": false,
                      "skipped": false
                    }
                  ],
                  "suites": [],
                  "passes": [
                    "2944b405-6063-461c-b531-f8a2598b7884"
                  ],
                  "failures": [],
                  "pending": [],
                  "skipped": [],
                  "duration": 51,
                  "root": false,
                  "rootEmpty": false,
                  "_timeout": 10000
                },
                {
                  "uuid": "58e331c2-29c3-448b-a5e7-a5461c36819f",
                  "title": "post /api/sku/",
                  "fullFile": "C:\\Users\\maste\\OneDrive\\Desktop\\Progetto di gruppo\\EzWh\\code\\server\\acceptanceTest\\testEzWhAPI.js",
                  "file": "\\acceptanceTest\\testEzWhAPI.js",
                  "beforeHooks": [],
                  "afterHooks": [],
                  "tests": [
                    {
                      "title": "FR 2.1 a -> Define a new SKU",
                      "fullTitle": "Testing Functional requirements pt2 Test skuitem CRUD features post /api/sku/ FR 2.1 a -> Define a new SKU",
                      "timedOut": false,
                      "duration": 22,
                      "state": "passed",
                      "speed": "fast",
                      "pass": true,
                      "fail": false,
                      "pending": false,
                      "context": null,
                      "code": "agent.post('/api/sku/')\n.send(thesku)\n.then(function (res) {\n    res.should.have.status(expCode);\n    done();\n}).catch(err=>done(err));",
                      "err": {},
                      "uuid": "61d28643-d736-430c-b818-390ed2d04daa",
                      "parentUUID": "58e331c2-29c3-448b-a5e7-a5461c36819f",
                      "isHook": false,
                      "skipped": false
                    }
                  ],
                  "suites": [],
                  "passes": [
                    "61d28643-d736-430c-b818-390ed2d04daa"
                  ],
                  "failures": [],
                  "pending": [],
                  "skipped": [],
                  "duration": 22,
                  "root": false,
                  "rootEmpty": false,
                  "_timeout": 10000
                },
                {
                  "uuid": "e1a95e3b-7985-4e42-85e0-05b0c804fd06",
                  "title": "get /api/skus",
                  "fullFile": "C:\\Users\\maste\\OneDrive\\Desktop\\Progetto di gruppo\\EzWh\\code\\server\\acceptanceTest\\testEzWhAPI.js",
                  "file": "\\acceptanceTest\\testEzWhAPI.js",
                  "beforeHooks": [],
                  "afterHooks": [],
                  "tests": [
                    {
                      "title": "FR 2.3 -> List all SKUs",
                      "fullTitle": "Testing Functional requirements pt2 Test skuitem CRUD features get /api/skus FR 2.3 -> List all SKUs",
                      "timedOut": false,
                      "duration": 7,
                      "state": "passed",
                      "speed": "fast",
                      "pass": true,
                      "fail": false,
                      "pending": false,
                      "context": null,
                      "code": "agent.get('/api/skus')\n.then(function (res) {\n    res.should.have.status(expCode);\n    res.body.should.be.a('array');\n    res.body.length.should.be.eql(size);\n    let id = [];\n    if (size > 0) {\n        for (let i = 0; i < size; i++) {\n            id[i] = res.body[i].id;\n            res.body[i].description.should.equal(sku[i].description);\n            res.body[i].weight.should.equal(sku[i].weight);\n            res.body[i].volume.should.equal(sku[i].volume);\n            res.body[i].notes.should.equal(sku[i].notes);\n            res.body[i].availableQuantity.should.equal(sku[i].availableQuantity);\n            res.body[i].price.should.equal(sku[i].price);\n        }\n        ids.setIdSku(id);\n    }             \n    done();\n}).catch(err=>done(err));",
                      "err": {},
                      "uuid": "493b9da0-eeae-48be-a82d-62e741f9622c",
                      "parentUUID": "e1a95e3b-7985-4e42-85e0-05b0c804fd06",
                      "isHook": false,
                      "skipped": false
                    }
                  ],
                  "suites": [],
                  "passes": [
                    "493b9da0-eeae-48be-a82d-62e741f9622c"
                  ],
                  "failures": [],
                  "pending": [],
                  "skipped": [],
                  "duration": 7,
                  "root": false,
                  "rootEmpty": false,
                  "_timeout": 10000
                },
                {
                  "uuid": "83a5e4be-b1fc-4e21-abe1-1ebf4c2d9dc3",
                  "title": "post /api/skuitem/",
                  "fullFile": "C:\\Users\\maste\\OneDrive\\Desktop\\Progetto di gruppo\\EzWh\\code\\server\\acceptanceTest\\testEzWhAPI.js",
                  "file": "\\acceptanceTest\\testEzWhAPI.js",
                  "beforeHooks": [],
                  "afterHooks": [],
                  "tests": [
                    {
                      "title": "Adding skuitem details",
                      "fullTitle": "Testing Functional requirements pt2 Test skuitem CRUD features post /api/skuitem/ Adding skuitem details",
                      "timedOut": false,
                      "duration": 19,
                      "state": "passed",
                      "speed": "fast",
                      "pass": true,
                      "fail": false,
                      "pending": false,
                      "context": null,
                      "code": "let id = ids.getIdSku();\nlet skuitem;\nif(myskuitem.SKUId > id.length || myskuitem.SKUId === null){\n    skuitem = newSkuItem(myskuitem.RFID, myskuitem.SKUId , myskuitem.DateOfStock); \n}\nelse{\n    skuitem = newSkuItem(myskuitem.RFID, id[myskuitem.SKUId] , myskuitem.DateOfStock);\n}\nagent.post('/api/skuitem/')\n.send(skuitem)\n.then(function (res) {\n    res.should.have.status(expCode);\n    done();\n}).catch(err=>done(err));",
                      "err": {},
                      "uuid": "5f5737b6-0f40-4336-b03c-d6325c00727f",
                      "parentUUID": "83a5e4be-b1fc-4e21-abe1-1ebf4c2d9dc3",
                      "isHook": false,
                      "skipped": false
                    }
                  ],
                  "suites": [],
                  "passes": [
                    "5f5737b6-0f40-4336-b03c-d6325c00727f"
                  ],
                  "failures": [],
                  "pending": [],
                  "skipped": [],
                  "duration": 19,
                  "root": false,
                  "rootEmpty": false,
                  "_timeout": 10000
                },
                {
                  "uuid": "395b1ed1-e138-449c-a3e0-94db8c515711",
                  "title": "post /api/skuitem/",
                  "fullFile": "C:\\Users\\maste\\OneDrive\\Desktop\\Progetto di gruppo\\EzWh\\code\\server\\acceptanceTest\\testEzWhAPI.js",
                  "file": "\\acceptanceTest\\testEzWhAPI.js",
                  "beforeHooks": [],
                  "afterHooks": [],
                  "tests": [
                    {
                      "title": "Adding skuitem details",
                      "fullTitle": "Testing Functional requirements pt2 Test skuitem CRUD features post /api/skuitem/ Adding skuitem details",
                      "timedOut": false,
                      "duration": 20,
                      "state": "passed",
                      "speed": "fast",
                      "pass": true,
                      "fail": false,
                      "pending": false,
                      "context": null,
                      "code": "let id = ids.getIdSku();\nlet skuitem;\nif(myskuitem.SKUId > id.length || myskuitem.SKUId === null){\n    skuitem = newSkuItem(myskuitem.RFID, myskuitem.SKUId , myskuitem.DateOfStock); \n}\nelse{\n    skuitem = newSkuItem(myskuitem.RFID, id[myskuitem.SKUId] , myskuitem.DateOfStock);\n}\nagent.post('/api/skuitem/')\n.send(skuitem)\n.then(function (res) {\n    res.should.have.status(expCode);\n    done();\n}).catch(err=>done(err));",
                      "err": {},
                      "uuid": "868867d7-1287-45cb-a3d3-733c8e656309",
                      "parentUUID": "395b1ed1-e138-449c-a3e0-94db8c515711",
                      "isHook": false,
                      "skipped": false
                    }
                  ],
                  "suites": [],
                  "passes": [
                    "868867d7-1287-45cb-a3d3-733c8e656309"
                  ],
                  "failures": [],
                  "pending": [],
                  "skipped": [],
                  "duration": 20,
                  "root": false,
                  "rootEmpty": false,
                  "_timeout": 10000
                },
                {
                  "uuid": "69399b15-3a7b-4bee-a4ed-ee7f6b68cc88",
                  "title": "post /api/skuitem/",
                  "fullFile": "C:\\Users\\maste\\OneDrive\\Desktop\\Progetto di gruppo\\EzWh\\code\\server\\acceptanceTest\\testEzWhAPI.js",
                  "file": "\\acceptanceTest\\testEzWhAPI.js",
                  "beforeHooks": [],
                  "afterHooks": [],
                  "tests": [
                    {
                      "title": "Adding skuitem details",
                      "fullTitle": "Testing Functional requirements pt2 Test skuitem CRUD features post /api/skuitem/ Adding skuitem details",
                      "timedOut": false,
                      "duration": 8,
                      "state": "passed",
                      "speed": "fast",
                      "pass": true,
                      "fail": false,
                      "pending": false,
                      "context": null,
                      "code": "let id = ids.getIdSku();\nlet skuitem;\nif(myskuitem.SKUId > id.length || myskuitem.SKUId === null){\n    skuitem = newSkuItem(myskuitem.RFID, myskuitem.SKUId , myskuitem.DateOfStock); \n}\nelse{\n    skuitem = newSkuItem(myskuitem.RFID, id[myskuitem.SKUId] , myskuitem.DateOfStock);\n}\nagent.post('/api/skuitem/')\n.send(skuitem)\n.then(function (res) {\n    res.should.have.status(expCode);\n    done();\n}).catch(err=>done(err));",
                      "err": {},
                      "uuid": "09653255-e706-4d6f-8955-35a3b73806f4",
                      "parentUUID": "69399b15-3a7b-4bee-a4ed-ee7f6b68cc88",
                      "isHook": false,
                      "skipped": false
                    }
                  ],
                  "suites": [],
                  "passes": [
                    "09653255-e706-4d6f-8955-35a3b73806f4"
                  ],
                  "failures": [],
                  "pending": [],
                  "skipped": [],
                  "duration": 8,
                  "root": false,
                  "rootEmpty": false,
                  "_timeout": 10000
                },
                {
                  "uuid": "e615c038-9903-43e7-8f09-763b476454ee",
                  "title": "post /api/skuitem/",
                  "fullFile": "C:\\Users\\maste\\OneDrive\\Desktop\\Progetto di gruppo\\EzWh\\code\\server\\acceptanceTest\\testEzWhAPI.js",
                  "file": "\\acceptanceTest\\testEzWhAPI.js",
                  "beforeHooks": [],
                  "afterHooks": [],
                  "tests": [
                    {
                      "title": "Adding skuitem details",
                      "fullTitle": "Testing Functional requirements pt2 Test skuitem CRUD features post /api/skuitem/ Adding skuitem details",
                      "timedOut": false,
                      "duration": 6,
                      "state": "passed",
                      "speed": "fast",
                      "pass": true,
                      "fail": false,
                      "pending": false,
                      "context": null,
                      "code": "let id = ids.getIdSku();\nlet skuitem;\nif(myskuitem.SKUId > id.length || myskuitem.SKUId === null){\n    skuitem = newSkuItem(myskuitem.RFID, myskuitem.SKUId , myskuitem.DateOfStock); \n}\nelse{\n    skuitem = newSkuItem(myskuitem.RFID, id[myskuitem.SKUId] , myskuitem.DateOfStock);\n}\nagent.post('/api/skuitem/')\n.send(skuitem)\n.then(function (res) {\n    res.should.have.status(expCode);\n    done();\n}).catch(err=>done(err));",
                      "err": {},
                      "uuid": "2d03fba3-ca56-4a20-a629-85ee53795f35",
                      "parentUUID": "e615c038-9903-43e7-8f09-763b476454ee",
                      "isHook": false,
                      "skipped": false
                    }
                  ],
                  "suites": [],
                  "passes": [
                    "2d03fba3-ca56-4a20-a629-85ee53795f35"
                  ],
                  "failures": [],
                  "pending": [],
                  "skipped": [],
                  "duration": 6,
                  "root": false,
                  "rootEmpty": false,
                  "_timeout": 10000
                },
                {
                  "uuid": "6c2c6dae-925f-4c16-bca9-5ab6c4772664",
                  "title": "get /api/skuitems",
                  "fullFile": "C:\\Users\\maste\\OneDrive\\Desktop\\Progetto di gruppo\\EzWh\\code\\server\\acceptanceTest\\testEzWhAPI.js",
                  "file": "\\acceptanceTest\\testEzWhAPI.js",
                  "beforeHooks": [],
                  "afterHooks": [],
                  "tests": [
                    {
                      "title": "Getting SKUitems",
                      "fullTitle": "Testing Functional requirements pt2 Test skuitem CRUD features get /api/skuitems Getting SKUitems",
                      "timedOut": false,
                      "duration": 6,
                      "state": "passed",
                      "speed": "fast",
                      "pass": true,
                      "fail": false,
                      "pending": false,
                      "context": null,
                      "code": "agent.get('/api/skuitems')\n.then(function (res) {\n//                console.log(res.body[0]);\n    res.should.have.status(expCode);\n    res.body.should.be.a('array');\n    res.body.length.should.be.equal(size);\n    let idSKUs = ids.getIdSku();\n    for (let i = 0; i < size; i++) {\n        res.body[i].RFID.should.equal(skuitems[i].RFID);\n        res.body[i].SKUId.should.equal(idSKUs[skuitems[i].SKUId]);\n        res.body[i].DateOfStock.should.equal(skuitems[i].DateOfStock);\n        if(skuitems[i].Available !== undefined){\n            res.body[i].Available.should.equal(skuitems[i].Available);\n            //console.log('null');\n        }\n    }\n    \n    done();                \n}).catch(err=>done(err));",
                      "err": {},
                      "uuid": "46abdf48-d119-4c0f-ad80-c2e841dd8b8b",
                      "parentUUID": "6c2c6dae-925f-4c16-bca9-5ab6c4772664",
                      "isHook": false,
                      "skipped": false
                    }
                  ],
                  "suites": [],
                  "passes": [
                    "46abdf48-d119-4c0f-ad80-c2e841dd8b8b"
                  ],
                  "failures": [],
                  "pending": [],
                  "skipped": [],
                  "duration": 6,
                  "root": false,
                  "rootEmpty": false,
                  "_timeout": 10000
                },
                {
                  "uuid": "16df4847-937f-461d-9e64-d9ea6ef06105",
                  "title": "put /api/skutems/:rfid",
                  "fullFile": "C:\\Users\\maste\\OneDrive\\Desktop\\Progetto di gruppo\\EzWh\\code\\server\\acceptanceTest\\testEzWhAPI.js",
                  "file": "\\acceptanceTest\\testEzWhAPI.js",
                  "beforeHooks": [],
                  "afterHooks": [],
                  "tests": [
                    {
                      "title": "Editing SKUitems details passing its rfid",
                      "fullTitle": "Testing Functional requirements pt2 Test skuitem CRUD features put /api/skutems/:rfid Editing SKUitems details passing its rfid",
                      "timedOut": false,
                      "duration": 21,
                      "state": "passed",
                      "speed": "fast",
                      "pass": true,
                      "fail": false,
                      "pending": false,
                      "context": null,
                      "code": "//            console.log(newskuitem);\n            agent.put('/api/skuitems/'+newskuitem.newRFID)\n            .send(newskuitem)\n            .then(function (res) {\n//                console.log(res.body);\n                res.should.have.status(expCode);\n                done();\n            }).catch(err=>done(err));",
                      "err": {},
                      "uuid": "bb60919a-6abc-465e-a6e3-ba8955956a9f",
                      "parentUUID": "16df4847-937f-461d-9e64-d9ea6ef06105",
                      "isHook": false,
                      "skipped": false
                    }
                  ],
                  "suites": [],
                  "passes": [
                    "bb60919a-6abc-465e-a6e3-ba8955956a9f"
                  ],
                  "failures": [],
                  "pending": [],
                  "skipped": [],
                  "duration": 21,
                  "root": false,
                  "rootEmpty": false,
                  "_timeout": 10000
                },
                {
                  "uuid": "2b6722b6-1c8f-4a70-a43a-21749b1e7d0b",
                  "title": "put /api/skutems/:rfid",
                  "fullFile": "C:\\Users\\maste\\OneDrive\\Desktop\\Progetto di gruppo\\EzWh\\code\\server\\acceptanceTest\\testEzWhAPI.js",
                  "file": "\\acceptanceTest\\testEzWhAPI.js",
                  "beforeHooks": [],
                  "afterHooks": [],
                  "tests": [
                    {
                      "title": "Editing SKUitems details passing its rfid",
                      "fullTitle": "Testing Functional requirements pt2 Test skuitem CRUD features put /api/skutems/:rfid Editing SKUitems details passing its rfid",
                      "timedOut": false,
                      "duration": 6,
                      "state": "passed",
                      "speed": "fast",
                      "pass": true,
                      "fail": false,
                      "pending": false,
                      "context": null,
                      "code": "//            console.log(newskuitem);\n            agent.put('/api/skuitems/'+newskuitem.newRFID)\n            .send(newskuitem)\n            .then(function (res) {\n//                console.log(res.body);\n                res.should.have.status(expCode);\n                done();\n            }).catch(err=>done(err));",
                      "err": {},
                      "uuid": "0ee58643-952c-4da5-a1b1-9d3711b13e7b",
                      "parentUUID": "2b6722b6-1c8f-4a70-a43a-21749b1e7d0b",
                      "isHook": false,
                      "skipped": false
                    }
                  ],
                  "suites": [],
                  "passes": [
                    "0ee58643-952c-4da5-a1b1-9d3711b13e7b"
                  ],
                  "failures": [],
                  "pending": [],
                  "skipped": [],
                  "duration": 6,
                  "root": false,
                  "rootEmpty": false,
                  "_timeout": 10000
                },
                {
                  "uuid": "fc9f926b-39c5-4150-8982-785ec4f29162",
                  "title": "put /api/skutems/:rfid",
                  "fullFile": "C:\\Users\\maste\\OneDrive\\Desktop\\Progetto di gruppo\\EzWh\\code\\server\\acceptanceTest\\testEzWhAPI.js",
                  "file": "\\acceptanceTest\\testEzWhAPI.js",
                  "beforeHooks": [],
                  "afterHooks": [],
                  "tests": [
                    {
                      "title": "Editing SKUitems details passing its rfid",
                      "fullTitle": "Testing Functional requirements pt2 Test skuitem CRUD features put /api/skutems/:rfid Editing SKUitems details passing its rfid",
                      "timedOut": false,
                      "duration": 5,
                      "state": "passed",
                      "speed": "fast",
                      "pass": true,
                      "fail": false,
                      "pending": false,
                      "context": null,
                      "code": "//            console.log(newskuitem);\n            agent.put('/api/skuitems/'+newskuitem.newRFID)\n            .send(newskuitem)\n            .then(function (res) {\n//                console.log(res.body);\n                res.should.have.status(expCode);\n                done();\n            }).catch(err=>done(err));",
                      "err": {},
                      "uuid": "b2ecb947-cdd8-48e9-9a98-df4cdec7c436",
                      "parentUUID": "fc9f926b-39c5-4150-8982-785ec4f29162",
                      "isHook": false,
                      "skipped": false
                    }
                  ],
                  "suites": [],
                  "passes": [
                    "b2ecb947-cdd8-48e9-9a98-df4cdec7c436"
                  ],
                  "failures": [],
                  "pending": [],
                  "skipped": [],
                  "duration": 5,
                  "root": false,
                  "rootEmpty": false,
                  "_timeout": 10000
                },
                {
                  "uuid": "37c1bba7-14a6-4850-893b-aca32802d3df",
                  "title": "put /api/skutems/:rfid",
                  "fullFile": "C:\\Users\\maste\\OneDrive\\Desktop\\Progetto di gruppo\\EzWh\\code\\server\\acceptanceTest\\testEzWhAPI.js",
                  "file": "\\acceptanceTest\\testEzWhAPI.js",
                  "beforeHooks": [],
                  "afterHooks": [],
                  "tests": [
                    {
                      "title": "Editing SKUitems details passing its rfid",
                      "fullTitle": "Testing Functional requirements pt2 Test skuitem CRUD features put /api/skutems/:rfid Editing SKUitems details passing its rfid",
                      "timedOut": false,
                      "duration": 4,
                      "state": "passed",
                      "speed": "fast",
                      "pass": true,
                      "fail": false,
                      "pending": false,
                      "context": null,
                      "code": "//            console.log(newskuitem);\n            agent.put('/api/skuitems/'+newskuitem.newRFID)\n            .send(newskuitem)\n            .then(function (res) {\n//                console.log(res.body);\n                res.should.have.status(expCode);\n                done();\n            }).catch(err=>done(err));",
                      "err": {},
                      "uuid": "a07ff9f5-6eb4-4586-b539-1a37ad84f2a2",
                      "parentUUID": "37c1bba7-14a6-4850-893b-aca32802d3df",
                      "isHook": false,
                      "skipped": false
                    }
                  ],
                  "suites": [],
                  "passes": [
                    "a07ff9f5-6eb4-4586-b539-1a37ad84f2a2"
                  ],
                  "failures": [],
                  "pending": [],
                  "skipped": [],
                  "duration": 4,
                  "root": false,
                  "rootEmpty": false,
                  "_timeout": 10000
                },
                {
                  "uuid": "0a67c029-f266-427e-90ab-0a3d3e01563c",
                  "title": "get /api/skuitems/sku/:id",
                  "fullFile": "C:\\Users\\maste\\OneDrive\\Desktop\\Progetto di gruppo\\EzWh\\code\\server\\acceptanceTest\\testEzWhAPI.js",
                  "file": "\\acceptanceTest\\testEzWhAPI.js",
                  "beforeHooks": [],
                  "afterHooks": [],
                  "tests": [
                    {
                      "title": "Getting SKUitems passing its id",
                      "fullTitle": "Testing Functional requirements pt2 Test skuitem CRUD features get /api/skuitems/sku/:id Getting SKUitems passing its id",
                      "timedOut": false,
                      "duration": 8,
                      "state": "passed",
                      "speed": "fast",
                      "pass": true,
                      "fail": false,
                      "pending": false,
                      "context": null,
                      "code": "let idskus = ids.getIdSku();\nlet nowskuid;\nif(skuidith > idskus.length || skuidith === null){\n    nowskuid = skuidith;\n    agent.get('/api/skuitems/sku/'+nowskuid)\n    .then(function (res) {\n        res.should.have.status(expCode);\n        done();\n    }).catch(err=>done(err));\n}\nelse{\n    nowskuid = idskus[skuidith];\n    agent.get('/api/skuitems/sku/'+nowskuid)\n    .then(function (res) {\n        res.should.have.status(expCode);\n        res.body.should.be.a('array');\n        res.body.length.should.be.eql(expectedsize);\n        for (let i = 0; i < expectedsize; i++) {\n            res.body[i].RFID.should.equal(expectedskuitem[i].RFID);\n            res.body[i].SKUId.should.equal(idskus[expectedskuitem[i].SKUId]);\n            res.body[i].DateOfStock.should.equal(expectedskuitem[i].DateOfStock);                    \n        }\n        done();\n    }).catch(err=>done(err));\n}",
                      "err": {},
                      "uuid": "42f6eeb0-e5b2-4941-b405-3e51902e89f6",
                      "parentUUID": "0a67c029-f266-427e-90ab-0a3d3e01563c",
                      "isHook": false,
                      "skipped": false
                    }
                  ],
                  "suites": [],
                  "passes": [
                    "42f6eeb0-e5b2-4941-b405-3e51902e89f6"
                  ],
                  "failures": [],
                  "pending": [],
                  "skipped": [],
                  "duration": 8,
                  "root": false,
                  "rootEmpty": false,
                  "_timeout": 10000
                },
                {
                  "uuid": "f5a29ac5-eb2c-41f9-b93e-82d66ad3ca86",
                  "title": "get /api/skuitems/sku/:id",
                  "fullFile": "C:\\Users\\maste\\OneDrive\\Desktop\\Progetto di gruppo\\EzWh\\code\\server\\acceptanceTest\\testEzWhAPI.js",
                  "file": "\\acceptanceTest\\testEzWhAPI.js",
                  "beforeHooks": [],
                  "afterHooks": [],
                  "tests": [
                    {
                      "title": "Getting SKUitems passing its id",
                      "fullTitle": "Testing Functional requirements pt2 Test skuitem CRUD features get /api/skuitems/sku/:id Getting SKUitems passing its id",
                      "timedOut": false,
                      "duration": 4,
                      "state": "passed",
                      "speed": "fast",
                      "pass": true,
                      "fail": false,
                      "pending": false,
                      "context": null,
                      "code": "let idskus = ids.getIdSku();\nlet nowskuid;\nif(skuidith > idskus.length || skuidith === null){\n    nowskuid = skuidith;\n    agent.get('/api/skuitems/sku/'+nowskuid)\n    .then(function (res) {\n        res.should.have.status(expCode);\n        done();\n    }).catch(err=>done(err));\n}\nelse{\n    nowskuid = idskus[skuidith];\n    agent.get('/api/skuitems/sku/'+nowskuid)\n    .then(function (res) {\n        res.should.have.status(expCode);\n        res.body.should.be.a('array');\n        res.body.length.should.be.eql(expectedsize);\n        for (let i = 0; i < expectedsize; i++) {\n            res.body[i].RFID.should.equal(expectedskuitem[i].RFID);\n            res.body[i].SKUId.should.equal(idskus[expectedskuitem[i].SKUId]);\n            res.body[i].DateOfStock.should.equal(expectedskuitem[i].DateOfStock);                    \n        }\n        done();\n    }).catch(err=>done(err));\n}",
                      "err": {},
                      "uuid": "00d3530e-a6ba-4fec-b56a-22fcca7d0bff",
                      "parentUUID": "f5a29ac5-eb2c-41f9-b93e-82d66ad3ca86",
                      "isHook": false,
                      "skipped": false
                    }
                  ],
                  "suites": [],
                  "passes": [
                    "00d3530e-a6ba-4fec-b56a-22fcca7d0bff"
                  ],
                  "failures": [],
                  "pending": [],
                  "skipped": [],
                  "duration": 4,
                  "root": false,
                  "rootEmpty": false,
                  "_timeout": 10000
                },
                {
                  "uuid": "26364c87-e2b5-48b7-8840-0402cf07198a",
                  "title": "get /api/skuitems/sku/:id",
                  "fullFile": "C:\\Users\\maste\\OneDrive\\Desktop\\Progetto di gruppo\\EzWh\\code\\server\\acceptanceTest\\testEzWhAPI.js",
                  "file": "\\acceptanceTest\\testEzWhAPI.js",
                  "beforeHooks": [],
                  "afterHooks": [],
                  "tests": [
                    {
                      "title": "Getting SKUitems passing its id",
                      "fullTitle": "Testing Functional requirements pt2 Test skuitem CRUD features get /api/skuitems/sku/:id Getting SKUitems passing its id",
                      "timedOut": false,
                      "duration": 5,
                      "state": "passed",
                      "speed": "fast",
                      "pass": true,
                      "fail": false,
                      "pending": false,
                      "context": null,
                      "code": "let idskus = ids.getIdSku();\nlet nowskuid;\nif(skuidith > idskus.length || skuidith === null){\n    nowskuid = skuidith;\n    agent.get('/api/skuitems/sku/'+nowskuid)\n    .then(function (res) {\n        res.should.have.status(expCode);\n        done();\n    }).catch(err=>done(err));\n}\nelse{\n    nowskuid = idskus[skuidith];\n    agent.get('/api/skuitems/sku/'+nowskuid)\n    .then(function (res) {\n        res.should.have.status(expCode);\n        res.body.should.be.a('array');\n        res.body.length.should.be.eql(expectedsize);\n        for (let i = 0; i < expectedsize; i++) {\n            res.body[i].RFID.should.equal(expectedskuitem[i].RFID);\n            res.body[i].SKUId.should.equal(idskus[expectedskuitem[i].SKUId]);\n            res.body[i].DateOfStock.should.equal(expectedskuitem[i].DateOfStock);                    \n        }\n        done();\n    }).catch(err=>done(err));\n}",
                      "err": {},
                      "uuid": "59d9829b-2973-4ef2-ab5e-91c14e8b0f0d",
                      "parentUUID": "26364c87-e2b5-48b7-8840-0402cf07198a",
                      "isHook": false,
                      "skipped": false
                    }
                  ],
                  "suites": [],
                  "passes": [
                    "59d9829b-2973-4ef2-ab5e-91c14e8b0f0d"
                  ],
                  "failures": [],
                  "pending": [],
                  "skipped": [],
                  "duration": 5,
                  "root": false,
                  "rootEmpty": false,
                  "_timeout": 10000
                },
                {
                  "uuid": "cdbf8084-313b-401d-8433-4e34dea652bf",
                  "title": "get /api/skuitems",
                  "fullFile": "C:\\Users\\maste\\OneDrive\\Desktop\\Progetto di gruppo\\EzWh\\code\\server\\acceptanceTest\\testEzWhAPI.js",
                  "file": "\\acceptanceTest\\testEzWhAPI.js",
                  "beforeHooks": [],
                  "afterHooks": [],
                  "tests": [
                    {
                      "title": "Getting SKUitems",
                      "fullTitle": "Testing Functional requirements pt2 Test skuitem CRUD features get /api/skuitems Getting SKUitems",
                      "timedOut": false,
                      "duration": 5,
                      "state": "passed",
                      "speed": "fast",
                      "pass": true,
                      "fail": false,
                      "pending": false,
                      "context": null,
                      "code": "agent.get('/api/skuitems')\n.then(function (res) {\n//                console.log(res.body[0]);\n    res.should.have.status(expCode);\n    res.body.should.be.a('array');\n    res.body.length.should.be.equal(size);\n    let idSKUs = ids.getIdSku();\n    for (let i = 0; i < size; i++) {\n        res.body[i].RFID.should.equal(skuitems[i].RFID);\n        res.body[i].SKUId.should.equal(idSKUs[skuitems[i].SKUId]);\n        res.body[i].DateOfStock.should.equal(skuitems[i].DateOfStock);\n        if(skuitems[i].Available !== undefined){\n            res.body[i].Available.should.equal(skuitems[i].Available);\n            //console.log('null');\n        }\n    }\n    \n    done();                \n}).catch(err=>done(err));",
                      "err": {},
                      "uuid": "575929ee-2b91-4b29-9da0-a27c66fab337",
                      "parentUUID": "cdbf8084-313b-401d-8433-4e34dea652bf",
                      "isHook": false,
                      "skipped": false
                    }
                  ],
                  "suites": [],
                  "passes": [
                    "575929ee-2b91-4b29-9da0-a27c66fab337"
                  ],
                  "failures": [],
                  "pending": [],
                  "skipped": [],
                  "duration": 5,
                  "root": false,
                  "rootEmpty": false,
                  "_timeout": 10000
                },
                {
                  "uuid": "71779e0d-ea42-44f3-be5c-64d5034edcd6",
                  "title": "get /api/skuitems/:RFID",
                  "fullFile": "C:\\Users\\maste\\OneDrive\\Desktop\\Progetto di gruppo\\EzWh\\code\\server\\acceptanceTest\\testEzWhAPI.js",
                  "file": "\\acceptanceTest\\testEzWhAPI.js",
                  "beforeHooks": [],
                  "afterHooks": [],
                  "tests": [
                    {
                      "title": "Getting SKUitems passing its rfid",
                      "fullTitle": "Testing Functional requirements pt2 Test skuitem CRUD features get /api/skuitems/:RFID Getting SKUitems passing its rfid",
                      "timedOut": false,
                      "duration": 9,
                      "state": "failed",
                      "speed": null,
                      "pass": false,
                      "fail": true,
                      "pending": false,
                      "context": null,
                      "code": "let idskus = ids.getIdSku();\nagent.get('/api/skuitems/'+expectedskuitem.RFID)\n.then(function (res) {\n    res.should.have.status(expCode);\n    if(res.status==200){\n        res.body.should.be.a('object');\n        res.body.RFID.should.equal(expectedskuitem.RFID);\n        res.body.SKUId.should.equal(idskus[expectedskuitem.SKUId]);\n        res.body.DateOfStock.should.equal(expectedskuitem.DateOfStock);\n        if(res.body.Available !== undefined){\n            res.body.Available.should.equal(expAvail);\n        }\n    }\n    done();\n}).catch(err=>done(err));",
                      "err": {
                        "message": "AssertionError: expected [ { …(4) } ] to be an object",
                        "estack": "AssertionError: expected [ { …(4) } ] to be an object\n    at C:\\Users\\maste\\OneDrive\\Desktop\\Progetto di gruppo\\EzWh\\code\\server\\acceptanceTest\\utils-skuitems.js:140:40\n    at processTicksAndRejections (node:internal/process/task_queues:96:5)",
                        "diff": null
                      },
                      "uuid": "00b31116-4640-4282-87dc-1dd46d73e093",
                      "parentUUID": "71779e0d-ea42-44f3-be5c-64d5034edcd6",
                      "isHook": false,
                      "skipped": false
                    }
                  ],
                  "suites": [],
                  "passes": [],
                  "failures": [
                    "00b31116-4640-4282-87dc-1dd46d73e093"
                  ],
                  "pending": [],
                  "skipped": [],
                  "duration": 9,
                  "root": false,
                  "rootEmpty": false,
                  "_timeout": 10000
                },
                {
                  "uuid": "9dd3a819-471a-40df-b936-d3830e9ac15c",
                  "title": "get /api/skuitems/:RFID",
                  "fullFile": "C:\\Users\\maste\\OneDrive\\Desktop\\Progetto di gruppo\\EzWh\\code\\server\\acceptanceTest\\testEzWhAPI.js",
                  "file": "\\acceptanceTest\\testEzWhAPI.js",
                  "beforeHooks": [],
                  "afterHooks": [],
                  "tests": [
                    {
                      "title": "Getting SKUitems passing its rfid",
                      "fullTitle": "Testing Functional requirements pt2 Test skuitem CRUD features get /api/skuitems/:RFID Getting SKUitems passing its rfid",
                      "timedOut": false,
                      "duration": 4,
                      "state": "passed",
                      "speed": "fast",
                      "pass": true,
                      "fail": false,
                      "pending": false,
                      "context": null,
                      "code": "let idskus = ids.getIdSku();\nagent.get('/api/skuitems/'+expectedskuitem.RFID)\n.then(function (res) {\n    res.should.have.status(expCode);\n    if(res.status==200){\n        res.body.should.be.a('object');\n        res.body.RFID.should.equal(expectedskuitem.RFID);\n        res.body.SKUId.should.equal(idskus[expectedskuitem.SKUId]);\n        res.body.DateOfStock.should.equal(expectedskuitem.DateOfStock);\n        if(res.body.Available !== undefined){\n            res.body.Available.should.equal(expAvail);\n        }\n    }\n    done();\n}).catch(err=>done(err));",
                      "err": {},
                      "uuid": "7e5daaa3-63d4-455f-b1aa-f5baf68171e2",
                      "parentUUID": "9dd3a819-471a-40df-b936-d3830e9ac15c",
                      "isHook": false,
                      "skipped": false
                    }
                  ],
                  "suites": [],
                  "passes": [
                    "7e5daaa3-63d4-455f-b1aa-f5baf68171e2"
                  ],
                  "failures": [],
                  "pending": [],
                  "skipped": [],
                  "duration": 4,
                  "root": false,
                  "rootEmpty": false,
                  "_timeout": 10000
                },
                {
                  "uuid": "fbf0add7-0f1a-49e3-8e3a-f483c1b25c18",
                  "title": "get /api/skuitems/:RFID",
                  "fullFile": "C:\\Users\\maste\\OneDrive\\Desktop\\Progetto di gruppo\\EzWh\\code\\server\\acceptanceTest\\testEzWhAPI.js",
                  "file": "\\acceptanceTest\\testEzWhAPI.js",
                  "beforeHooks": [],
                  "afterHooks": [],
                  "tests": [
                    {
                      "title": "Getting SKUitems passing its rfid",
                      "fullTitle": "Testing Functional requirements pt2 Test skuitem CRUD features get /api/skuitems/:RFID Getting SKUitems passing its rfid",
                      "timedOut": false,
                      "duration": 5,
                      "state": "passed",
                      "speed": "fast",
                      "pass": true,
                      "fail": false,
                      "pending": false,
                      "context": null,
                      "code": "let idskus = ids.getIdSku();\nagent.get('/api/skuitems/'+expectedskuitem.RFID)\n.then(function (res) {\n    res.should.have.status(expCode);\n    if(res.status==200){\n        res.body.should.be.a('object');\n        res.body.RFID.should.equal(expectedskuitem.RFID);\n        res.body.SKUId.should.equal(idskus[expectedskuitem.SKUId]);\n        res.body.DateOfStock.should.equal(expectedskuitem.DateOfStock);\n        if(res.body.Available !== undefined){\n            res.body.Available.should.equal(expAvail);\n        }\n    }\n    done();\n}).catch(err=>done(err));",
                      "err": {},
                      "uuid": "0c500af2-a814-41f5-9a2a-0bbcc2d94743",
                      "parentUUID": "fbf0add7-0f1a-49e3-8e3a-f483c1b25c18",
                      "isHook": false,
                      "skipped": false
                    }
                  ],
                  "suites": [],
                  "passes": [
                    "0c500af2-a814-41f5-9a2a-0bbcc2d94743"
                  ],
                  "failures": [],
                  "pending": [],
                  "skipped": [],
                  "duration": 5,
                  "root": false,
                  "rootEmpty": false,
                  "_timeout": 10000
                }
              ],
              "passes": [],
              "failures": [],
              "pending": [],
              "skipped": [],
              "duration": 0,
              "root": false,
              "rootEmpty": false,
              "_timeout": 10000
            }
          ],
          "passes": [],
          "failures": [],
          "pending": [],
          "skipped": [],
          "duration": 0,
          "root": false,
          "rootEmpty": false,
          "_timeout": 10000
        }
      ],
      "passes": [],
      "failures": [],
      "pending": [],
      "skipped": [],
      "duration": 0,
      "root": true,
      "rootEmpty": true,
      "_timeout": 10000
    }
  ],
  "meta": {
    "mocha": {
      "version": "9.2.2"
    },
    "mochawesome": {
      "options": {
        "quiet": false,
        "reportFilename": "mochawesome",
        "saveHtml": true,
        "saveJson": true,
        "consoleReporter": "spec",
        "useInlineDiffs": false,
        "code": true
      },
      "version": "7.1.3"
    },
    "marge": {
      "options": null,
      "version": "6.2.0"
    }
  }
}