{
  "stats": {
    "suites": 61,
    "tests": 58,
    "passes": 58,
    "pending": 0,
    "failures": 0,
    "start": "2022-06-01T16:47:09.469Z",
    "end": "2022-06-01T16:47:10.322Z",
    "duration": 853,
    "testsRegistered": 58,
    "passPercent": 100,
    "pendingPercent": 0,
    "other": 0,
    "hasOther": false,
    "skipped": 0,
    "hasSkipped": false
  },
  "results": [
    {
      "uuid": "3e1922d2-9fb3-439e-a9b1-e4f6b88fda4d",
      "title": "",
      "fullFile": "",
      "file": "",
      "beforeHooks": [],
      "afterHooks": [],
      "tests": [],
      "suites": [
        {
          "uuid": "288df78a-89fc-4d6c-a2cc-fa2e72a8f2dd",
          "title": "Test TestResult CRUD",
          "fullFile": "C:\\Users\\roby6\\OneDrive\\Desktop\\POLITO\\EzWh\\code\\server\\acceptanceTest\\testEzWhAPI.js",
          "file": "\\acceptanceTest\\testEzWhAPI.js",
          "beforeHooks": [],
          "afterHooks": [],
          "tests": [],
          "suites": [
            {
              "uuid": "c21c4be7-9e81-4d60-9e0c-31bf7619390f",
              "title": "removing all skuitems",
              "fullFile": "C:\\Users\\roby6\\OneDrive\\Desktop\\POLITO\\EzWh\\code\\server\\acceptanceTest\\testEzWhAPI.js",
              "file": "\\acceptanceTest\\testEzWhAPI.js",
              "beforeHooks": [],
              "afterHooks": [],
              "tests": [
                {
                  "title": "Getting SKUitems",
                  "fullTitle": "Test TestResult CRUD removing all skuitems Getting SKUitems",
                  "timedOut": false,
                  "duration": 33,
                  "state": "passed",
                  "speed": "fast",
                  "pass": true,
                  "fail": false,
                  "pending": false,
                  "context": null,
                  "code": "agent.get('/api/skuitems')\n.then(function (res) {\n    res.should.have.status(200);\n    if (res.body.length !==0) {\n        for (let i = 0; i < res.body.length; i++) {\n            agent.delete('/api/skuitems/'+res.body[i].RFID)\n            .then(function (res2) {\n                res2.should.have.status(204); \n            });\n        }\n        \n    } \n    done();\n}).catch(err => done(err));",
                  "err": {},
                  "uuid": "6a11d8e2-f7c5-4a85-97d7-826849c176ff",
                  "parentUUID": "c21c4be7-9e81-4d60-9e0c-31bf7619390f",
                  "isHook": false,
                  "skipped": false
                }
              ],
              "suites": [],
              "passes": [
                "6a11d8e2-f7c5-4a85-97d7-826849c176ff"
              ],
              "failures": [],
              "pending": [],
              "skipped": [],
              "duration": 33,
              "root": false,
              "rootEmpty": false,
              "_timeout": 10000
            },
            {
              "uuid": "c5835923-5b87-445f-93f2-55718a2e4110",
              "title": "removing all skus",
              "fullFile": "C:\\Users\\roby6\\OneDrive\\Desktop\\POLITO\\EzWh\\code\\server\\acceptanceTest\\testEzWhAPI.js",
              "file": "\\acceptanceTest\\testEzWhAPI.js",
              "beforeHooks": [],
              "afterHooks": [],
              "tests": [
                {
                  "title": "Getting SKUs",
                  "fullTitle": "Test TestResult CRUD removing all skus Getting SKUs",
                  "timedOut": false,
                  "duration": 10,
                  "state": "passed",
                  "speed": "fast",
                  "pass": true,
                  "fail": false,
                  "pending": false,
                  "context": null,
                  "code": "agent.get('/api/skus')\n.then(function (res) {\n    res.should.have.status(200);\n    if (res.body.length !==0) {\n        for (let i = 0; i < res.body.length; i++) {\n            \n            agent.delete('/api/skus/'+res.body[i].id)\n            .then(function (res2) {\n                res2.should.have.status(204);\n            });\n        }\n    } \n    done();\n}).catch(err => done(err));",
                  "err": {},
                  "uuid": "b57d08c7-2312-458a-b2c6-9f9f175260b3",
                  "parentUUID": "c5835923-5b87-445f-93f2-55718a2e4110",
                  "isHook": false,
                  "skipped": false
                }
              ],
              "suites": [],
              "passes": [
                "b57d08c7-2312-458a-b2c6-9f9f175260b3"
              ],
              "failures": [],
              "pending": [],
              "skipped": [],
              "duration": 10,
              "root": false,
              "rootEmpty": false,
              "_timeout": 10000
            },
            {
              "uuid": "ee0d60e5-6d66-4805-b05b-cbd2a58245d6",
              "title": "removing all test descriptors",
              "fullFile": "C:\\Users\\roby6\\OneDrive\\Desktop\\POLITO\\EzWh\\code\\server\\acceptanceTest\\testEzWhAPI.js",
              "file": "\\acceptanceTest\\testEzWhAPI.js",
              "beforeHooks": [],
              "afterHooks": [],
              "tests": [
                {
                  "title": "Getting test descriptors",
                  "fullTitle": "Test TestResult CRUD removing all test descriptors Getting test descriptors",
                  "timedOut": false,
                  "duration": 5,
                  "state": "passed",
                  "speed": "fast",
                  "pass": true,
                  "fail": false,
                  "pending": false,
                  "context": null,
                  "code": "agent.get('/api/testDescriptors')\n.then(function(res){\n    res.should.have.status(200);\n    if(res.body.length !==0){\n        for (let i=0; i<res.body.length; i++){\n            agent.delete('/api/testDescriptor/'+res.body[i].id)\n            .then(function(res2){\n                res2.should.have.status(204);\n            });\n        }\n    }\n    done();\n}).catch(err=>done(err));",
                  "err": {},
                  "uuid": "c30fdcf1-80be-4542-ac51-93a824c9989c",
                  "parentUUID": "ee0d60e5-6d66-4805-b05b-cbd2a58245d6",
                  "isHook": false,
                  "skipped": false
                }
              ],
              "suites": [],
              "passes": [
                "c30fdcf1-80be-4542-ac51-93a824c9989c"
              ],
              "failures": [],
              "pending": [],
              "skipped": [],
              "duration": 5,
              "root": false,
              "rootEmpty": false,
              "_timeout": 10000
            },
            {
              "uuid": "7e74cc0e-12d8-4a32-8d90-9691822d070f",
              "title": "post /api/sku/",
              "fullFile": "C:\\Users\\roby6\\OneDrive\\Desktop\\POLITO\\EzWh\\code\\server\\acceptanceTest\\testEzWhAPI.js",
              "file": "\\acceptanceTest\\testEzWhAPI.js",
              "beforeHooks": [],
              "afterHooks": [],
              "tests": [
                {
                  "title": "FR 2.1 a -> Define a new SKU",
                  "fullTitle": "Test TestResult CRUD post /api/sku/ FR 2.1 a -> Define a new SKU",
                  "timedOut": false,
                  "duration": 45,
                  "state": "passed",
                  "speed": "medium",
                  "pass": true,
                  "fail": false,
                  "pending": false,
                  "context": null,
                  "code": "agent.post('/api/sku/')\n.send(thesku)\n.then(function (res) {\n    res.should.have.status(expCode);\n    done();\n}).catch(err=>done(err));",
                  "err": {},
                  "uuid": "dc4a042a-e66a-482f-9f18-2e17a04e0527",
                  "parentUUID": "7e74cc0e-12d8-4a32-8d90-9691822d070f",
                  "isHook": false,
                  "skipped": false
                }
              ],
              "suites": [],
              "passes": [
                "dc4a042a-e66a-482f-9f18-2e17a04e0527"
              ],
              "failures": [],
              "pending": [],
              "skipped": [],
              "duration": 45,
              "root": false,
              "rootEmpty": false,
              "_timeout": 10000
            },
            {
              "uuid": "cbff65c1-355a-4f06-aa49-f2eeb274d1d9",
              "title": "post /api/sku/",
              "fullFile": "C:\\Users\\roby6\\OneDrive\\Desktop\\POLITO\\EzWh\\code\\server\\acceptanceTest\\testEzWhAPI.js",
              "file": "\\acceptanceTest\\testEzWhAPI.js",
              "beforeHooks": [],
              "afterHooks": [],
              "tests": [
                {
                  "title": "FR 2.1 a -> Define a new SKU",
                  "fullTitle": "Test TestResult CRUD post /api/sku/ FR 2.1 a -> Define a new SKU",
                  "timedOut": false,
                  "duration": 12,
                  "state": "passed",
                  "speed": "fast",
                  "pass": true,
                  "fail": false,
                  "pending": false,
                  "context": null,
                  "code": "agent.post('/api/sku/')\n.send(thesku)\n.then(function (res) {\n    res.should.have.status(expCode);\n    done();\n}).catch(err=>done(err));",
                  "err": {},
                  "uuid": "c6d57897-934c-44cf-9700-41ff111fb7fb",
                  "parentUUID": "cbff65c1-355a-4f06-aa49-f2eeb274d1d9",
                  "isHook": false,
                  "skipped": false
                }
              ],
              "suites": [],
              "passes": [
                "c6d57897-934c-44cf-9700-41ff111fb7fb"
              ],
              "failures": [],
              "pending": [],
              "skipped": [],
              "duration": 12,
              "root": false,
              "rootEmpty": false,
              "_timeout": 10000
            },
            {
              "uuid": "e13af423-6b93-4430-8cdc-9c0d0173c97a",
              "title": "get /api/skus",
              "fullFile": "C:\\Users\\roby6\\OneDrive\\Desktop\\POLITO\\EzWh\\code\\server\\acceptanceTest\\testEzWhAPI.js",
              "file": "\\acceptanceTest\\testEzWhAPI.js",
              "beforeHooks": [],
              "afterHooks": [],
              "tests": [
                {
                  "title": "FR 2.3 -> List all SKUs",
                  "fullTitle": "Test TestResult CRUD get /api/skus FR 2.3 -> List all SKUs",
                  "timedOut": false,
                  "duration": 7,
                  "state": "passed",
                  "speed": "fast",
                  "pass": true,
                  "fail": false,
                  "pending": false,
                  "context": null,
                  "code": "agent.get('/api/skus')\n.then(function (res) {\n    res.should.have.status(expCode);\n    res.body.should.be.a('array');\n    res.body.length.should.be.eql(size);\n    let id = [];\n    if (size > 0) {\n        for (let i = 0; i < size; i++) {\n            id[i] = res.body[i].id;\n            res.body[i].description.should.equal(sku[i].description);\n            res.body[i].weight.should.equal(sku[i].weight);\n            res.body[i].volume.should.equal(sku[i].volume);\n            res.body[i].notes.should.equal(sku[i].notes);\n            res.body[i].availableQuantity.should.equal(sku[i].availableQuantity);\n            res.body[i].price.should.equal(sku[i].price);\n        }\n        ids.setIdSku(id);\n    }             \n    done();\n}).catch(err=>done(err));",
                  "err": {},
                  "uuid": "38732788-5d35-4074-bcf6-c2862aee452f",
                  "parentUUID": "e13af423-6b93-4430-8cdc-9c0d0173c97a",
                  "isHook": false,
                  "skipped": false
                }
              ],
              "suites": [],
              "passes": [
                "38732788-5d35-4074-bcf6-c2862aee452f"
              ],
              "failures": [],
              "pending": [],
              "skipped": [],
              "duration": 7,
              "root": false,
              "rootEmpty": false,
              "_timeout": 10000
            },
            {
              "uuid": "a2a88270-1e9d-414e-bc08-0af227623d1b",
              "title": "post /api/skuitem/",
              "fullFile": "C:\\Users\\roby6\\OneDrive\\Desktop\\POLITO\\EzWh\\code\\server\\acceptanceTest\\testEzWhAPI.js",
              "file": "\\acceptanceTest\\testEzWhAPI.js",
              "beforeHooks": [],
              "afterHooks": [],
              "tests": [
                {
                  "title": "Adding skuitem details",
                  "fullTitle": "Test TestResult CRUD post /api/skuitem/ Adding skuitem details",
                  "timedOut": false,
                  "duration": 9,
                  "state": "passed",
                  "speed": "fast",
                  "pass": true,
                  "fail": false,
                  "pending": false,
                  "context": null,
                  "code": "let id = ids.getIdSku();\nlet skuitem;\nif(myskuitem.SKUId > id.length || myskuitem.SKUId === null){\n    skuitem = newSkuItem(myskuitem.RFID, myskuitem.SKUId , myskuitem.DateOfStock); \n}\nelse{\n    skuitem = newSkuItem(myskuitem.RFID, id[myskuitem.SKUId] , myskuitem.DateOfStock);\n}\nagent.post('/api/skuitem/')\n.send(skuitem)\n.then(function (res) {\n    res.should.have.status(expCode);\n    done();\n}).catch(err=>done(err));",
                  "err": {},
                  "uuid": "cf942df8-3228-4bf4-bdba-f21af1b3d8ab",
                  "parentUUID": "a2a88270-1e9d-414e-bc08-0af227623d1b",
                  "isHook": false,
                  "skipped": false
                }
              ],
              "suites": [],
              "passes": [
                "cf942df8-3228-4bf4-bdba-f21af1b3d8ab"
              ],
              "failures": [],
              "pending": [],
              "skipped": [],
              "duration": 9,
              "root": false,
              "rootEmpty": false,
              "_timeout": 10000
            },
            {
              "uuid": "ef8b751f-80e3-4ce5-b212-6a78f1a40084",
              "title": "post /api/skuitem/",
              "fullFile": "C:\\Users\\roby6\\OneDrive\\Desktop\\POLITO\\EzWh\\code\\server\\acceptanceTest\\testEzWhAPI.js",
              "file": "\\acceptanceTest\\testEzWhAPI.js",
              "beforeHooks": [],
              "afterHooks": [],
              "tests": [
                {
                  "title": "Adding skuitem details",
                  "fullTitle": "Test TestResult CRUD post /api/skuitem/ Adding skuitem details",
                  "timedOut": false,
                  "duration": 9,
                  "state": "passed",
                  "speed": "fast",
                  "pass": true,
                  "fail": false,
                  "pending": false,
                  "context": null,
                  "code": "let id = ids.getIdSku();\nlet skuitem;\nif(myskuitem.SKUId > id.length || myskuitem.SKUId === null){\n    skuitem = newSkuItem(myskuitem.RFID, myskuitem.SKUId , myskuitem.DateOfStock); \n}\nelse{\n    skuitem = newSkuItem(myskuitem.RFID, id[myskuitem.SKUId] , myskuitem.DateOfStock);\n}\nagent.post('/api/skuitem/')\n.send(skuitem)\n.then(function (res) {\n    res.should.have.status(expCode);\n    done();\n}).catch(err=>done(err));",
                  "err": {},
                  "uuid": "ffcbb5d7-1c4d-4e2a-a9c5-aed99764ed3b",
                  "parentUUID": "ef8b751f-80e3-4ce5-b212-6a78f1a40084",
                  "isHook": false,
                  "skipped": false
                }
              ],
              "suites": [],
              "passes": [
                "ffcbb5d7-1c4d-4e2a-a9c5-aed99764ed3b"
              ],
              "failures": [],
              "pending": [],
              "skipped": [],
              "duration": 9,
              "root": false,
              "rootEmpty": false,
              "_timeout": 10000
            },
            {
              "uuid": "8d1828b7-e655-4932-abeb-5ca13ad3ab6d",
              "title": "test adding a test descriptor with post",
              "fullFile": "C:\\Users\\roby6\\OneDrive\\Desktop\\POLITO\\EzWh\\code\\server\\acceptanceTest\\testEzWhAPI.js",
              "file": "\\acceptanceTest\\testEzWhAPI.js",
              "beforeHooks": [],
              "afterHooks": [],
              "tests": [
                {
                  "title": "Creating a test descriptor",
                  "fullTitle": "Test TestResult CRUD test adding a test descriptor with post Creating a test descriptor",
                  "timedOut": false,
                  "duration": 15,
                  "state": "passed",
                  "speed": "fast",
                  "pass": true,
                  "fail": false,
                  "pending": false,
                  "context": null,
                  "code": "let id = ids.getIdSku();\nlet testdescriptor;\nif(mytd.idSKU > id.length || mytd.idSKU === null){\n    testdescriptor = newTestDescriptor(mytd.name, mytd.procedureDescription, mytd.idSKU);\n} \nelse {\n    testdescriptor = newTestDescriptor(mytd.name, mytd.procedureDescription, id[mytd.idSKU]);\n}\n//console.log(testdescriptor);\nagent.post('/api/testDescriptor')\n.send(testdescriptor)\n.then(res2 => {\n    assert.equal(res2.status, expCode);\n    done();\n}).catch(err=>done(err));",
                  "err": {},
                  "uuid": "b994e680-2a78-4f53-ba7a-1648f4d0bd65",
                  "parentUUID": "8d1828b7-e655-4932-abeb-5ca13ad3ab6d",
                  "isHook": false,
                  "skipped": false
                }
              ],
              "suites": [],
              "passes": [
                "b994e680-2a78-4f53-ba7a-1648f4d0bd65"
              ],
              "failures": [],
              "pending": [],
              "skipped": [],
              "duration": 15,
              "root": false,
              "rootEmpty": false,
              "_timeout": 10000
            },
            {
              "uuid": "32a0254e-f7ac-4a8f-ac69-50709038e5fd",
              "title": "get /api/testDescriptors",
              "fullFile": "C:\\Users\\roby6\\OneDrive\\Desktop\\POLITO\\EzWh\\code\\server\\acceptanceTest\\testEzWhAPI.js",
              "file": "\\acceptanceTest\\testEzWhAPI.js",
              "beforeHooks": [],
              "afterHooks": [],
              "tests": [
                {
                  "title": "Getting All TestDescriptors",
                  "fullTitle": "Test TestResult CRUD get /api/testDescriptors Getting All TestDescriptors",
                  "timedOut": false,
                  "duration": 6,
                  "state": "passed",
                  "speed": "fast",
                  "pass": true,
                  "fail": false,
                  "pending": false,
                  "context": null,
                  "code": "agent.get('/api/testDescriptors')\n.then(function(res){\n    res.should.have.status(expCode);\n    res.body.length.should.be.equal(size);\n    res.body.should.be.a('array');\n    let id = [];\n    let idSKUs = ids.getIdSku();\n    for(let i=0; i<res.body.length; i++){\n        id[i]=res.body[i].id;\n        res.body[i].name.should.equal(mytd[i].name);\n        res.body[i].procedureDescription.should.equal(mytd[i].procedureDescription);\n        res.body[i].idSKU.should.equal(idSKUs[mytd[i].idSKU]);\n    }\n    ids.setIdTestDescriptor(id);\n    done();\n}).catch(err=>done(err));",
                  "err": {},
                  "uuid": "6ef2266e-dfdd-42e3-8388-14a302c56978",
                  "parentUUID": "32a0254e-f7ac-4a8f-ac69-50709038e5fd",
                  "isHook": false,
                  "skipped": false
                }
              ],
              "suites": [],
              "passes": [
                "6ef2266e-dfdd-42e3-8388-14a302c56978"
              ],
              "failures": [],
              "pending": [],
              "skipped": [],
              "duration": 6,
              "root": false,
              "rootEmpty": false,
              "_timeout": 10000
            },
            {
              "uuid": "3d74c08d-11c6-4371-945b-d6fcd92b1788",
              "title": " get /api/skuitems/:rfid/testResults",
              "fullFile": "C:\\Users\\roby6\\OneDrive\\Desktop\\POLITO\\EzWh\\code\\server\\acceptanceTest\\testEzWhAPI.js",
              "file": "\\acceptanceTest\\testEzWhAPI.js",
              "beforeHooks": [],
              "afterHooks": [],
              "tests": [
                {
                  "title": "Get all test results associated to a certain rfid",
                  "fullTitle": "Test TestResult CRUD  get /api/skuitems/:rfid/testResults Get all test results associated to a certain rfid",
                  "timedOut": false,
                  "duration": 8,
                  "state": "passed",
                  "speed": "fast",
                  "pass": true,
                  "fail": false,
                  "pending": false,
                  "context": null,
                  "code": "agent.get('/api/skuitems/'+rfid+'/testResults')\n.then(function(res){\n    let all = [];\n    res.should.have.status(expCode);\n    res.body.should.be.a('array');\n    console.log(\"all tr for rfid\", res.body);\n    for(let i=0; i<res.body.length; i++){\n        all[i] = res.body[i].id;\n    }\n    ids.setIdTRonRFID(all);\n    done();\n}).catch(err=>done(err));",
                  "err": {},
                  "uuid": "dfb02464-ac47-4a08-87da-f2ff6e32052b",
                  "parentUUID": "3d74c08d-11c6-4371-945b-d6fcd92b1788",
                  "isHook": false,
                  "skipped": false
                }
              ],
              "suites": [],
              "passes": [
                "dfb02464-ac47-4a08-87da-f2ff6e32052b"
              ],
              "failures": [],
              "pending": [],
              "skipped": [],
              "duration": 8,
              "root": false,
              "rootEmpty": false,
              "_timeout": 10000
            },
            {
              "uuid": "a2972178-dbab-4ed9-9c37-652b6951397f",
              "title": " get /api/skuitems/:rfid/testResults",
              "fullFile": "C:\\Users\\roby6\\OneDrive\\Desktop\\POLITO\\EzWh\\code\\server\\acceptanceTest\\testEzWhAPI.js",
              "file": "\\acceptanceTest\\testEzWhAPI.js",
              "beforeHooks": [],
              "afterHooks": [],
              "tests": [
                {
                  "title": "Delete all test results associated to a certain rfid",
                  "fullTitle": "Test TestResult CRUD  get /api/skuitems/:rfid/testResults Delete all test results associated to a certain rfid",
                  "timedOut": false,
                  "duration": 8,
                  "state": "passed",
                  "speed": "fast",
                  "pass": true,
                  "fail": false,
                  "pending": false,
                  "context": null,
                  "code": "agent.get('/api/skuitems/'+rfid+'/testResults')\n.then(function(res){\n    res.should.have.status(expCode);\n    res.body.should.be.a('array');\n    console.log(\"delete all\", res.body);\n    for(let i=0; i<res.body.length; i++){\n        agent.delete('/api/skuitems/'+rfid+'/testResult/'+res.body[i].id)\n        .then(function(res2){\n            res2.should.have.status(204);\n        });\n    }\n    done();\n}).catch(err=>done(err));",
                  "err": {},
                  "uuid": "d1bd6630-36aa-47f4-91af-fdf80f565c95",
                  "parentUUID": "a2972178-dbab-4ed9-9c37-652b6951397f",
                  "isHook": false,
                  "skipped": false
                }
              ],
              "suites": [],
              "passes": [
                "d1bd6630-36aa-47f4-91af-fdf80f565c95"
              ],
              "failures": [],
              "pending": [],
              "skipped": [],
              "duration": 8,
              "root": false,
              "rootEmpty": false,
              "_timeout": 10000
            },
            {
              "uuid": "457e6c7b-abfa-433a-8898-82acb31f3597",
              "title": " post /api/skuitems/testResult",
              "fullFile": "C:\\Users\\roby6\\OneDrive\\Desktop\\POLITO\\EzWh\\code\\server\\acceptanceTest\\testEzWhAPI.js",
              "file": "\\acceptanceTest\\testEzWhAPI.js",
              "beforeHooks": [],
              "afterHooks": [],
              "tests": [
                {
                  "title": "FR 3.2.1 -> Add a quality test",
                  "fullTitle": "Test TestResult CRUD  post /api/skuitems/testResult FR 3.2.1 -> Add a quality test",
                  "timedOut": false,
                  "duration": 14,
                  "state": "passed",
                  "speed": "fast",
                  "pass": true,
                  "fail": false,
                  "pending": false,
                  "context": null,
                  "code": "let idtds = ids.getIdTestDescriptor();\nlet testResult = newTestResult(mytr.rfid, idtds[mytr.idTestDescriptor], mytr.Date, mytr.Result);\n//console.log(testResult);\nagent.post('/api/skuitems/testResult')\n.send(testResult)\n.then(function(res){\n    console.log(res.body);\n    res.should.have.status(expCode);\n    done();\n}).catch(err=>done(err));",
                  "err": {},
                  "uuid": "95d3d327-9285-4d9f-be8b-cd3a13846fa5",
                  "parentUUID": "457e6c7b-abfa-433a-8898-82acb31f3597",
                  "isHook": false,
                  "skipped": false
                }
              ],
              "suites": [],
              "passes": [
                "95d3d327-9285-4d9f-be8b-cd3a13846fa5"
              ],
              "failures": [],
              "pending": [],
              "skipped": [],
              "duration": 14,
              "root": false,
              "rootEmpty": false,
              "_timeout": 10000
            },
            {
              "uuid": "12ad81fc-35c8-4479-ba66-3ec48be34008",
              "title": " post /api/skuitems/testResult",
              "fullFile": "C:\\Users\\roby6\\OneDrive\\Desktop\\POLITO\\EzWh\\code\\server\\acceptanceTest\\testEzWhAPI.js",
              "file": "\\acceptanceTest\\testEzWhAPI.js",
              "beforeHooks": [],
              "afterHooks": [],
              "tests": [
                {
                  "title": "Creates a new test Result for a certain sku item defined by RFID",
                  "fullTitle": "Test TestResult CRUD  post /api/skuitems/testResult Creates a new test Result for a certain sku item defined by RFID",
                  "timedOut": false,
                  "duration": 9,
                  "state": "passed",
                  "speed": "fast",
                  "pass": true,
                  "fail": false,
                  "pending": false,
                  "context": null,
                  "code": "agent.get('/api/testDescriptors')\n.then(function(res){\n    testResultid = res.body[0].id;\n    testResult = newTestResult(rfid, testResultid, '2021/12/11', true);\n    agent.post('/api/skuitems/testResult')\n    .send(testResult)\n    .then(function(res2){\n        res2.should.have.status(expCode);\n        done();\n    }).catch(err=>done(err));\n});",
                  "err": {},
                  "uuid": "11096790-7d4b-44ed-8eb4-905d7a031b6f",
                  "parentUUID": "12ad81fc-35c8-4479-ba66-3ec48be34008",
                  "isHook": false,
                  "skipped": false
                }
              ],
              "suites": [],
              "passes": [
                "11096790-7d4b-44ed-8eb4-905d7a031b6f"
              ],
              "failures": [],
              "pending": [],
              "skipped": [],
              "duration": 9,
              "root": false,
              "rootEmpty": false,
              "_timeout": 10000
            },
            {
              "uuid": "e5b84c90-a8b8-4d62-80cd-f059606d8697",
              "title": " post /api/skuitems/testResult",
              "fullFile": "C:\\Users\\roby6\\OneDrive\\Desktop\\POLITO\\EzWh\\code\\server\\acceptanceTest\\testEzWhAPI.js",
              "file": "\\acceptanceTest\\testEzWhAPI.js",
              "beforeHooks": [],
              "afterHooks": [],
              "tests": [
                {
                  "title": "Creates a new test Result for a certain sku item defined by RFID",
                  "fullTitle": "Test TestResult CRUD  post /api/skuitems/testResult Creates a new test Result for a certain sku item defined by RFID",
                  "timedOut": false,
                  "duration": 8,
                  "state": "passed",
                  "speed": "fast",
                  "pass": true,
                  "fail": false,
                  "pending": false,
                  "context": null,
                  "code": "agent.get('/api/testDescriptors')\n.then(function(res){\n    testResultid = res.body[0].id;\n    testResult = newTestResult(rfid, testResultid, '2021/12/11', true);\n    agent.post('/api/skuitems/testResult')\n    .send(testResult)\n    .then(function(res2){\n        res2.should.have.status(expCode);\n        done();\n    }).catch(err=>done(err));\n});",
                  "err": {},
                  "uuid": "e48e165d-4b10-4c53-9a0a-d8d90129c2e1",
                  "parentUUID": "e5b84c90-a8b8-4d62-80cd-f059606d8697",
                  "isHook": false,
                  "skipped": false
                }
              ],
              "suites": [],
              "passes": [
                "e48e165d-4b10-4c53-9a0a-d8d90129c2e1"
              ],
              "failures": [],
              "pending": [],
              "skipped": [],
              "duration": 8,
              "root": false,
              "rootEmpty": false,
              "_timeout": 10000
            },
            {
              "uuid": "e89bc9a1-b7be-46b7-bb16-50a5b4ad62bc",
              "title": " get /api/skuitems/:rfid/testResults",
              "fullFile": "C:\\Users\\roby6\\OneDrive\\Desktop\\POLITO\\EzWh\\code\\server\\acceptanceTest\\testEzWhAPI.js",
              "file": "\\acceptanceTest\\testEzWhAPI.js",
              "beforeHooks": [],
              "afterHooks": [],
              "tests": [
                {
                  "title": "Get all test results associated to a certain rfid",
                  "fullTitle": "Test TestResult CRUD  get /api/skuitems/:rfid/testResults Get all test results associated to a certain rfid",
                  "timedOut": false,
                  "duration": 5,
                  "state": "passed",
                  "speed": "fast",
                  "pass": true,
                  "fail": false,
                  "pending": false,
                  "context": null,
                  "code": "agent.get('/api/skuitems/'+rfid+'/testResults')\n.then(function(res){\n    let all = [];\n    res.should.have.status(expCode);\n    res.body.should.be.a('array');\n    console.log(\"all tr for rfid\", res.body);\n    for(let i=0; i<res.body.length; i++){\n        all[i] = res.body[i].id;\n    }\n    ids.setIdTRonRFID(all);\n    done();\n}).catch(err=>done(err));",
                  "err": {},
                  "uuid": "2d61671d-1bb5-4876-b5f0-d4f31bb4feac",
                  "parentUUID": "e89bc9a1-b7be-46b7-bb16-50a5b4ad62bc",
                  "isHook": false,
                  "skipped": false
                }
              ],
              "suites": [],
              "passes": [
                "2d61671d-1bb5-4876-b5f0-d4f31bb4feac"
              ],
              "failures": [],
              "pending": [],
              "skipped": [],
              "duration": 5,
              "root": false,
              "rootEmpty": false,
              "_timeout": 10000
            },
            {
              "uuid": "8f8a0109-c56e-48ab-afb8-14aba1d6a5fd",
              "title": " get /api/skuitems/:rfid/testResults",
              "fullFile": "C:\\Users\\roby6\\OneDrive\\Desktop\\POLITO\\EzWh\\code\\server\\acceptanceTest\\testEzWhAPI.js",
              "file": "\\acceptanceTest\\testEzWhAPI.js",
              "beforeHooks": [],
              "afterHooks": [],
              "tests": [
                {
                  "title": "Get all test results associated to a certain rfid",
                  "fullTitle": "Test TestResult CRUD  get /api/skuitems/:rfid/testResults Get all test results associated to a certain rfid",
                  "timedOut": false,
                  "duration": 4,
                  "state": "passed",
                  "speed": "fast",
                  "pass": true,
                  "fail": false,
                  "pending": false,
                  "context": null,
                  "code": "agent.get('/api/skuitems/'+rfid+'/testResults')\n.then(function(res){\n    res.should.have.status(expCode);\n    done();\n}).catch(err=>done(err));",
                  "err": {},
                  "uuid": "a32eb299-b349-4295-a21a-bbca21fe85ad",
                  "parentUUID": "8f8a0109-c56e-48ab-afb8-14aba1d6a5fd",
                  "isHook": false,
                  "skipped": false
                }
              ],
              "suites": [],
              "passes": [
                "a32eb299-b349-4295-a21a-bbca21fe85ad"
              ],
              "failures": [],
              "pending": [],
              "skipped": [],
              "duration": 4,
              "root": false,
              "rootEmpty": false,
              "_timeout": 10000
            },
            {
              "uuid": "35932eef-45c7-40d0-980e-36c1b2a3f3f8",
              "title": " get /api/skuitems/:rfid/testResults",
              "fullFile": "C:\\Users\\roby6\\OneDrive\\Desktop\\POLITO\\EzWh\\code\\server\\acceptanceTest\\testEzWhAPI.js",
              "file": "\\acceptanceTest\\testEzWhAPI.js",
              "beforeHooks": [],
              "afterHooks": [],
              "tests": [
                {
                  "title": "Get all test results associated to a certain rfid",
                  "fullTitle": "Test TestResult CRUD  get /api/skuitems/:rfid/testResults Get all test results associated to a certain rfid",
                  "timedOut": false,
                  "duration": 9,
                  "state": "passed",
                  "speed": "fast",
                  "pass": true,
                  "fail": false,
                  "pending": false,
                  "context": null,
                  "code": "agent.get('/api/skuitems/'+rfid+'/testResults')\n.then(function(res){\n    res.should.have.status(expCode);\n    done();\n}).catch(err=>done(err));",
                  "err": {},
                  "uuid": "b6b90e01-f5ba-4b00-8837-6b17ddbf34c4",
                  "parentUUID": "35932eef-45c7-40d0-980e-36c1b2a3f3f8",
                  "isHook": false,
                  "skipped": false
                }
              ],
              "suites": [],
              "passes": [
                "b6b90e01-f5ba-4b00-8837-6b17ddbf34c4"
              ],
              "failures": [],
              "pending": [],
              "skipped": [],
              "duration": 9,
              "root": false,
              "rootEmpty": false,
              "_timeout": 10000
            },
            {
              "uuid": "75d5a9ed-27b3-49d3-bc61-4418cd731bd0",
              "title": " get /api/skuitems/:rfid/testResults/:id",
              "fullFile": "C:\\Users\\roby6\\OneDrive\\Desktop\\POLITO\\EzWh\\code\\server\\acceptanceTest\\testEzWhAPI.js",
              "file": "\\acceptanceTest\\testEzWhAPI.js",
              "beforeHooks": [],
              "afterHooks": [],
              "tests": [
                {
                  "title": "Get a specific test result with the rfid and id",
                  "fullTitle": "Test TestResult CRUD  get /api/skuitems/:rfid/testResults/:id Get a specific test result with the rfid and id",
                  "timedOut": false,
                  "duration": 11,
                  "state": "passed",
                  "speed": "fast",
                  "pass": true,
                  "fail": false,
                  "pending": false,
                  "context": null,
                  "code": "agent.get('/api/skuitems/'+rfid+'/testResults')\n.then(function(res){\n    let trid = res.body[0].id;\n    //console.log(res.body[0]);\n    agent.get('/api/skuitems/'+rfid+'/testResults/'+trid)\n    .then(function(res2){\n        res2.should.have.status(expCode);\n        done();\n    }).catch(err=>done(err));\n});",
                  "err": {},
                  "uuid": "812901b7-f1bc-46df-9e63-ee89c46fc2aa",
                  "parentUUID": "75d5a9ed-27b3-49d3-bc61-4418cd731bd0",
                  "isHook": false,
                  "skipped": false
                }
              ],
              "suites": [],
              "passes": [
                "812901b7-f1bc-46df-9e63-ee89c46fc2aa"
              ],
              "failures": [],
              "pending": [],
              "skipped": [],
              "duration": 11,
              "root": false,
              "rootEmpty": false,
              "_timeout": 10000
            },
            {
              "uuid": "ce1723e2-6d5b-4928-847c-390b8739bafc",
              "title": " get /api/skuitems/:rfid/testResult/:id",
              "fullFile": "C:\\Users\\roby6\\OneDrive\\Desktop\\POLITO\\EzWh\\code\\server\\acceptanceTest\\testEzWhAPI.js",
              "file": "\\acceptanceTest\\testEzWhAPI.js",
              "beforeHooks": [],
              "afterHooks": [],
              "tests": [
                {
                  "title": "Get a specific test result with the rfid and id",
                  "fullTitle": "Test TestResult CRUD  get /api/skuitems/:rfid/testResult/:id Get a specific test result with the rfid and id",
                  "timedOut": false,
                  "duration": 64,
                  "state": "passed",
                  "speed": "medium",
                  "pass": true,
                  "fail": false,
                  "pending": false,
                  "context": null,
                  "code": "agent.get('/api/skuitems/'+rfid+'/testResults')\n.then(function(res){\n    let alltdids = ids.getIdTestDescriptor();\n    console.log(alltdids);\n    agent.get('/api/skuitems/'+rfid+'/testResult/'+alltdids[0])\n    .then(function(res2){\n        console.log(res2.body);\n        res2.should.have.status(expCode);\n        done();\n    }).catch(err=>done(err));\n});",
                  "err": {},
                  "uuid": "84dd4dea-32b7-49e7-829c-3ef3475fca2b",
                  "parentUUID": "ce1723e2-6d5b-4928-847c-390b8739bafc",
                  "isHook": false,
                  "skipped": false
                }
              ],
              "suites": [],
              "passes": [
                "84dd4dea-32b7-49e7-829c-3ef3475fca2b"
              ],
              "failures": [],
              "pending": [],
              "skipped": [],
              "duration": 64,
              "root": false,
              "rootEmpty": false,
              "_timeout": 10000
            },
            {
              "uuid": "a4221e04-0f7c-43f3-8782-d7fe756352c3",
              "title": " put /api/skuitems/:rfid/testResult/:id",
              "fullFile": "C:\\Users\\roby6\\OneDrive\\Desktop\\POLITO\\EzWh\\code\\server\\acceptanceTest\\testEzWhAPI.js",
              "file": "\\acceptanceTest\\testEzWhAPI.js",
              "beforeHooks": [],
              "afterHooks": [],
              "tests": [
                {
                  "title": "FR 3.2.2 -> Modify a quality test",
                  "fullTitle": "Test TestResult CRUD  put /api/skuitems/:rfid/testResult/:id FR 3.2.2 -> Modify a quality test",
                  "timedOut": false,
                  "duration": 26,
                  "state": "passed",
                  "speed": "fast",
                  "pass": true,
                  "fail": false,
                  "pending": false,
                  "context": null,
                  "code": "agent.get('/api/skuitems/'+validrfid+'/testResults')\n.then(function(res){\n    console.log(\"this is it\", res.body);\n    let trid = res.body[0].id;\n    agent.put('/api/skuitems/'+rfid+'/testResult/'+trid)\n    .send({\"newIdTestDescriptor\":res.body[0].idTestDescriptor,\"newDate\":\"2022/01/01\",\"newResult\":false})\n    .then(function(res2){\n        console.log(\"I'm heeeeereeee\", res2.body);\n        res2.should.have.status(expCode);\n        done();\n    }).catch(err=>done(err));\n});",
                  "err": {},
                  "uuid": "0cbf8f82-1bff-414a-8b7a-17129af9d623",
                  "parentUUID": "a4221e04-0f7c-43f3-8782-d7fe756352c3",
                  "isHook": false,
                  "skipped": false
                }
              ],
              "suites": [],
              "passes": [
                "0cbf8f82-1bff-414a-8b7a-17129af9d623"
              ],
              "failures": [],
              "pending": [],
              "skipped": [],
              "duration": 26,
              "root": false,
              "rootEmpty": false,
              "_timeout": 10000
            },
            {
              "uuid": "dd14e3cb-18b0-4e75-8800-ad8646f43466",
              "title": " put /api/skuitems/:rfid/testResult/:id",
              "fullFile": "C:\\Users\\roby6\\OneDrive\\Desktop\\POLITO\\EzWh\\code\\server\\acceptanceTest\\testEzWhAPI.js",
              "file": "\\acceptanceTest\\testEzWhAPI.js",
              "beforeHooks": [],
              "afterHooks": [],
              "tests": [
                {
                  "title": "Modify a test results given its rfid and id and new fields",
                  "fullTitle": "Test TestResult CRUD  put /api/skuitems/:rfid/testResult/:id Modify a test results given its rfid and id and new fields",
                  "timedOut": false,
                  "duration": 12,
                  "state": "passed",
                  "speed": "fast",
                  "pass": true,
                  "fail": false,
                  "pending": false,
                  "context": null,
                  "code": "agent.get('/api/skuitems/'+validrfid+'/testResults')\n.then(function(res){\n    let trid = res.body[0].id;\n    agent.put('/api/skuitems/'+rfid+'/testResult/'+trid)\n    .send({\"newIdTestDescriptor\":res.body[0].idTestDescriptor,\"newDate\":\"2022/01/01\",\"newResult\":false})\n    .then(function(res2){\n        res2.should.have.status(expCode);\n        done();\n    }).catch(err=>done(err));\n});",
                  "err": {},
                  "uuid": "8fe4a239-2975-4b55-9d42-0643b9e2b1ee",
                  "parentUUID": "dd14e3cb-18b0-4e75-8800-ad8646f43466",
                  "isHook": false,
                  "skipped": false
                }
              ],
              "suites": [],
              "passes": [
                "8fe4a239-2975-4b55-9d42-0643b9e2b1ee"
              ],
              "failures": [],
              "pending": [],
              "skipped": [],
              "duration": 12,
              "root": false,
              "rootEmpty": false,
              "_timeout": 10000
            },
            {
              "uuid": "f3081638-12fb-4c7c-8685-90e91ed0ef5d",
              "title": " put /api/skuitems/:rfid/testResult/:id",
              "fullFile": "C:\\Users\\roby6\\OneDrive\\Desktop\\POLITO\\EzWh\\code\\server\\acceptanceTest\\testEzWhAPI.js",
              "file": "\\acceptanceTest\\testEzWhAPI.js",
              "beforeHooks": [],
              "afterHooks": [],
              "tests": [
                {
                  "title": "Modify a test results given its rfid and id and new fields",
                  "fullTitle": "Test TestResult CRUD  put /api/skuitems/:rfid/testResult/:id Modify a test results given its rfid and id and new fields",
                  "timedOut": false,
                  "duration": 9,
                  "state": "passed",
                  "speed": "fast",
                  "pass": true,
                  "fail": false,
                  "pending": false,
                  "context": null,
                  "code": "agent.get('/api/skuitems/'+validrfid+'/testResults')\n.then(function(res){\n    let trid = res.body[0].id;\n    agent.put('/api/skuitems/'+rfid+'/testResult/'+trid)\n    .send({\"newIdTestDescriptor\":res.body[0].idTestDescriptor,\"newDate\":\"2022/01/01\",\"newResult\":false})\n    .then(function(res2){\n        res2.should.have.status(expCode);\n        done();\n    }).catch(err=>done(err));\n});",
                  "err": {},
                  "uuid": "17dc2d15-499c-4cfb-bd54-968636a2a10b",
                  "parentUUID": "f3081638-12fb-4c7c-8685-90e91ed0ef5d",
                  "isHook": false,
                  "skipped": false
                }
              ],
              "suites": [],
              "passes": [
                "17dc2d15-499c-4cfb-bd54-968636a2a10b"
              ],
              "failures": [],
              "pending": [],
              "skipped": [],
              "duration": 9,
              "root": false,
              "rootEmpty": false,
              "_timeout": 10000
            },
            {
              "uuid": "87e9b396-03ff-4506-a53b-f06b03b4d95e",
              "title": " get /api/skuitems/:rfid/testResults",
              "fullFile": "C:\\Users\\roby6\\OneDrive\\Desktop\\POLITO\\EzWh\\code\\server\\acceptanceTest\\testEzWhAPI.js",
              "file": "\\acceptanceTest\\testEzWhAPI.js",
              "beforeHooks": [],
              "afterHooks": [],
              "tests": [
                {
                  "title": "Get all test results associated to a certain rfid",
                  "fullTitle": "Test TestResult CRUD  get /api/skuitems/:rfid/testResults Get all test results associated to a certain rfid",
                  "timedOut": false,
                  "duration": 6,
                  "state": "passed",
                  "speed": "fast",
                  "pass": true,
                  "fail": false,
                  "pending": false,
                  "context": null,
                  "code": "agent.get('/api/skuitems/'+rfid+'/testResults')\n.then(function(res){\n    let all = [];\n    res.should.have.status(expCode);\n    res.body.should.be.a('array');\n    console.log(\"all tr for rfid\", res.body);\n    for(let i=0; i<res.body.length; i++){\n        all[i] = res.body[i].id;\n    }\n    ids.setIdTRonRFID(all);\n    done();\n}).catch(err=>done(err));",
                  "err": {},
                  "uuid": "c187e964-c023-4172-85ef-b6e735328346",
                  "parentUUID": "87e9b396-03ff-4506-a53b-f06b03b4d95e",
                  "isHook": false,
                  "skipped": false
                }
              ],
              "suites": [],
              "passes": [
                "c187e964-c023-4172-85ef-b6e735328346"
              ],
              "failures": [],
              "pending": [],
              "skipped": [],
              "duration": 6,
              "root": false,
              "rootEmpty": false,
              "_timeout": 10000
            },
            {
              "uuid": "0b12fe8c-d87b-4762-84eb-630e4d315c49",
              "title": " delete /api/skuitems/:rfid/testResult/:id",
              "fullFile": "C:\\Users\\roby6\\OneDrive\\Desktop\\POLITO\\EzWh\\code\\server\\acceptanceTest\\testEzWhAPI.js",
              "file": "\\acceptanceTest\\testEzWhAPI.js",
              "beforeHooks": [],
              "afterHooks": [],
              "tests": [
                {
                  "title": "FR 3.2.3 -> Delete a quality test",
                  "fullTitle": "Test TestResult CRUD  delete /api/skuitems/:rfid/testResult/:id FR 3.2.3 -> Delete a quality test",
                  "timedOut": false,
                  "duration": 15,
                  "state": "passed",
                  "speed": "fast",
                  "pass": true,
                  "fail": false,
                  "pending": false,
                  "context": null,
                  "code": "agent.get('/api/skuitems/'+rfid+'/testResults')\n.then(function(res){\n    let trid = res.body[0].id;\n    //console.log(res.body);\n    agent.delete('/api/skuitems/'+rfid+'/testResult/'+trid)\n    .then(function(res2){\n        res2.should.have.status(expCode);\n        done();\n    }).catch(err=>done(err));\n});",
                  "err": {},
                  "uuid": "3850606a-372c-4fef-bad3-aff07300dfce",
                  "parentUUID": "0b12fe8c-d87b-4762-84eb-630e4d315c49",
                  "isHook": false,
                  "skipped": false
                }
              ],
              "suites": [],
              "passes": [
                "3850606a-372c-4fef-bad3-aff07300dfce"
              ],
              "failures": [],
              "pending": [],
              "skipped": [],
              "duration": 15,
              "root": false,
              "rootEmpty": false,
              "_timeout": 10000
            },
            {
              "uuid": "92110edf-ae1d-445d-a4eb-6620097fb24d",
              "title": " get /api/skuitems/:rfid/testResults",
              "fullFile": "C:\\Users\\roby6\\OneDrive\\Desktop\\POLITO\\EzWh\\code\\server\\acceptanceTest\\testEzWhAPI.js",
              "file": "\\acceptanceTest\\testEzWhAPI.js",
              "beforeHooks": [],
              "afterHooks": [],
              "tests": [
                {
                  "title": "Delete all test results associated to a certain rfid",
                  "fullTitle": "Test TestResult CRUD  get /api/skuitems/:rfid/testResults Delete all test results associated to a certain rfid",
                  "timedOut": false,
                  "duration": 6,
                  "state": "passed",
                  "speed": "fast",
                  "pass": true,
                  "fail": false,
                  "pending": false,
                  "context": null,
                  "code": "agent.get('/api/skuitems/'+rfid+'/testResults')\n.then(function(res){\n    res.should.have.status(expCode);\n    res.body.should.be.a('array');\n    console.log(\"delete all\", res.body);\n    for(let i=0; i<res.body.length; i++){\n        agent.delete('/api/skuitems/'+rfid+'/testResult/'+res.body[i].id)\n        .then(function(res2){\n            res2.should.have.status(204);\n        });\n    }\n    done();\n}).catch(err=>done(err));",
                  "err": {},
                  "uuid": "cc836264-db0e-4c12-a050-9890fa6c6082",
                  "parentUUID": "92110edf-ae1d-445d-a4eb-6620097fb24d",
                  "isHook": false,
                  "skipped": false
                }
              ],
              "suites": [],
              "passes": [
                "cc836264-db0e-4c12-a050-9890fa6c6082"
              ],
              "failures": [],
              "pending": [],
              "skipped": [],
              "duration": 6,
              "root": false,
              "rootEmpty": false,
              "_timeout": 10000
            },
            {
              "uuid": "cd00b0c3-2f21-4cc3-9a68-76925561aaed",
              "title": "removing all skuitems",
              "fullFile": "C:\\Users\\roby6\\OneDrive\\Desktop\\POLITO\\EzWh\\code\\server\\acceptanceTest\\testEzWhAPI.js",
              "file": "\\acceptanceTest\\testEzWhAPI.js",
              "beforeHooks": [],
              "afterHooks": [],
              "tests": [
                {
                  "title": "Getting SKUitems",
                  "fullTitle": "Test TestResult CRUD removing all skuitems Getting SKUitems",
                  "timedOut": false,
                  "duration": 5,
                  "state": "passed",
                  "speed": "fast",
                  "pass": true,
                  "fail": false,
                  "pending": false,
                  "context": null,
                  "code": "agent.get('/api/skuitems')\n.then(function (res) {\n    res.should.have.status(200);\n    if (res.body.length !==0) {\n        for (let i = 0; i < res.body.length; i++) {\n            agent.delete('/api/skuitems/'+res.body[i].RFID)\n            .then(function (res2) {\n                res2.should.have.status(204); \n            });\n        }\n        \n    } \n    done();\n}).catch(err => done(err));",
                  "err": {},
                  "uuid": "59867e22-3a61-4585-ada6-a60bf5d6cd11",
                  "parentUUID": "cd00b0c3-2f21-4cc3-9a68-76925561aaed",
                  "isHook": false,
                  "skipped": false
                }
              ],
              "suites": [],
              "passes": [
                "59867e22-3a61-4585-ada6-a60bf5d6cd11"
              ],
              "failures": [],
              "pending": [],
              "skipped": [],
              "duration": 5,
              "root": false,
              "rootEmpty": false,
              "_timeout": 10000
            },
            {
              "uuid": "8718aef6-e838-4e5f-9195-a29b100ea95b",
              "title": "removing all skus",
              "fullFile": "C:\\Users\\roby6\\OneDrive\\Desktop\\POLITO\\EzWh\\code\\server\\acceptanceTest\\testEzWhAPI.js",
              "file": "\\acceptanceTest\\testEzWhAPI.js",
              "beforeHooks": [],
              "afterHooks": [],
              "tests": [
                {
                  "title": "Getting SKUs",
                  "fullTitle": "Test TestResult CRUD removing all skus Getting SKUs",
                  "timedOut": false,
                  "duration": 19,
                  "state": "passed",
                  "speed": "fast",
                  "pass": true,
                  "fail": false,
                  "pending": false,
                  "context": null,
                  "code": "agent.get('/api/skus')\n.then(function (res) {\n    res.should.have.status(200);\n    if (res.body.length !==0) {\n        for (let i = 0; i < res.body.length; i++) {\n            \n            agent.delete('/api/skus/'+res.body[i].id)\n            .then(function (res2) {\n                res2.should.have.status(204);\n            });\n        }\n    } \n    done();\n}).catch(err => done(err));",
                  "err": {},
                  "uuid": "2e4355f8-09ae-485e-913c-aa8a33a93fcc",
                  "parentUUID": "8718aef6-e838-4e5f-9195-a29b100ea95b",
                  "isHook": false,
                  "skipped": false
                }
              ],
              "suites": [],
              "passes": [
                "2e4355f8-09ae-485e-913c-aa8a33a93fcc"
              ],
              "failures": [],
              "pending": [],
              "skipped": [],
              "duration": 19,
              "root": false,
              "rootEmpty": false,
              "_timeout": 10000
            },
            {
              "uuid": "1b26ce3b-93c8-4384-b1cc-509c0b7d9938",
              "title": "removing all test descriptors",
              "fullFile": "C:\\Users\\roby6\\OneDrive\\Desktop\\POLITO\\EzWh\\code\\server\\acceptanceTest\\testEzWhAPI.js",
              "file": "\\acceptanceTest\\testEzWhAPI.js",
              "beforeHooks": [],
              "afterHooks": [],
              "tests": [
                {
                  "title": "Getting test descriptors",
                  "fullTitle": "Test TestResult CRUD removing all test descriptors Getting test descriptors",
                  "timedOut": false,
                  "duration": 13,
                  "state": "passed",
                  "speed": "fast",
                  "pass": true,
                  "fail": false,
                  "pending": false,
                  "context": null,
                  "code": "agent.get('/api/testDescriptors')\n.then(function(res){\n    res.should.have.status(200);\n    if(res.body.length !==0){\n        for (let i=0; i<res.body.length; i++){\n            agent.delete('/api/testDescriptor/'+res.body[i].id)\n            .then(function(res2){\n                res2.should.have.status(204);\n            });\n        }\n    }\n    done();\n}).catch(err=>done(err));",
                  "err": {},
                  "uuid": "cbade3bf-d0d7-49be-8424-217efc5b7b0f",
                  "parentUUID": "1b26ce3b-93c8-4384-b1cc-509c0b7d9938",
                  "isHook": false,
                  "skipped": false
                }
              ],
              "suites": [],
              "passes": [
                "cbade3bf-d0d7-49be-8424-217efc5b7b0f"
              ],
              "failures": [],
              "pending": [],
              "skipped": [],
              "duration": 13,
              "root": false,
              "rootEmpty": false,
              "_timeout": 10000
            }
          ],
          "passes": [],
          "failures": [],
          "pending": [],
          "skipped": [],
          "duration": 0,
          "root": false,
          "rootEmpty": false,
          "_timeout": 10000
        },
        {
          "uuid": "64ae4c35-3773-4f54-aec6-74ba1e16bfa9",
          "title": "Testing Functional requirements pt2",
          "fullFile": "C:\\Users\\roby6\\OneDrive\\Desktop\\POLITO\\EzWh\\code\\server\\acceptanceTest\\testEzWhAPI.js",
          "file": "\\acceptanceTest\\testEzWhAPI.js",
          "beforeHooks": [],
          "afterHooks": [],
          "tests": [],
          "suites": [
            {
              "uuid": "d5812360-5d12-4855-a4e0-b69442568f03",
              "title": "Test TestResult CRUD",
              "fullFile": "C:\\Users\\roby6\\OneDrive\\Desktop\\POLITO\\EzWh\\code\\server\\acceptanceTest\\testEzWhAPI.js",
              "file": "\\acceptanceTest\\testEzWhAPI.js",
              "beforeHooks": [],
              "afterHooks": [],
              "tests": [],
              "suites": [
                {
                  "uuid": "0b09ba18-ee15-49c8-ba2f-9ce06d311074",
                  "title": "removing all skuitems",
                  "fullFile": "C:\\Users\\roby6\\OneDrive\\Desktop\\POLITO\\EzWh\\code\\server\\acceptanceTest\\testEzWhAPI.js",
                  "file": "\\acceptanceTest\\testEzWhAPI.js",
                  "beforeHooks": [],
                  "afterHooks": [],
                  "tests": [
                    {
                      "title": "Getting SKUitems",
                      "fullTitle": "Testing Functional requirements pt2 Test TestResult CRUD removing all skuitems Getting SKUitems",
                      "timedOut": false,
                      "duration": 9,
                      "state": "passed",
                      "speed": "fast",
                      "pass": true,
                      "fail": false,
                      "pending": false,
                      "context": null,
                      "code": "agent.get('/api/skuitems')\n.then(function (res) {\n    res.should.have.status(200);\n    if (res.body.length !==0) {\n        for (let i = 0; i < res.body.length; i++) {\n            agent.delete('/api/skuitems/'+res.body[i].RFID)\n            .then(function (res2) {\n                res2.should.have.status(204); \n            });\n        }\n        \n    } \n    done();\n}).catch(err => done(err));",
                      "err": {},
                      "uuid": "b7c893b2-c31f-4532-adb4-52c213fdee49",
                      "parentUUID": "0b09ba18-ee15-49c8-ba2f-9ce06d311074",
                      "isHook": false,
                      "skipped": false
                    }
                  ],
                  "suites": [],
                  "passes": [
                    "b7c893b2-c31f-4532-adb4-52c213fdee49"
                  ],
                  "failures": [],
                  "pending": [],
                  "skipped": [],
                  "duration": 9,
                  "root": false,
                  "rootEmpty": false,
                  "_timeout": 10000
                },
                {
                  "uuid": "d4db2d9c-5a8d-4fe5-82ac-76c4db377db2",
                  "title": "removing all skus",
                  "fullFile": "C:\\Users\\roby6\\OneDrive\\Desktop\\POLITO\\EzWh\\code\\server\\acceptanceTest\\testEzWhAPI.js",
                  "file": "\\acceptanceTest\\testEzWhAPI.js",
                  "beforeHooks": [],
                  "afterHooks": [],
                  "tests": [
                    {
                      "title": "Getting SKUs",
                      "fullTitle": "Testing Functional requirements pt2 Test TestResult CRUD removing all skus Getting SKUs",
                      "timedOut": false,
                      "duration": 4,
                      "state": "passed",
                      "speed": "fast",
                      "pass": true,
                      "fail": false,
                      "pending": false,
                      "context": null,
                      "code": "agent.get('/api/skus')\n.then(function (res) {\n    res.should.have.status(200);\n    if (res.body.length !==0) {\n        for (let i = 0; i < res.body.length; i++) {\n            \n            agent.delete('/api/skus/'+res.body[i].id)\n            .then(function (res2) {\n                res2.should.have.status(204);\n            });\n        }\n    } \n    done();\n}).catch(err => done(err));",
                      "err": {},
                      "uuid": "f104c905-5c9c-4c0a-99fc-e8757424c48f",
                      "parentUUID": "d4db2d9c-5a8d-4fe5-82ac-76c4db377db2",
                      "isHook": false,
                      "skipped": false
                    }
                  ],
                  "suites": [],
                  "passes": [
                    "f104c905-5c9c-4c0a-99fc-e8757424c48f"
                  ],
                  "failures": [],
                  "pending": [],
                  "skipped": [],
                  "duration": 4,
                  "root": false,
                  "rootEmpty": false,
                  "_timeout": 10000
                },
                {
                  "uuid": "9edddb44-e57e-45fb-b377-56a788e79e21",
                  "title": "removing all test descriptors",
                  "fullFile": "C:\\Users\\roby6\\OneDrive\\Desktop\\POLITO\\EzWh\\code\\server\\acceptanceTest\\testEzWhAPI.js",
                  "file": "\\acceptanceTest\\testEzWhAPI.js",
                  "beforeHooks": [],
                  "afterHooks": [],
                  "tests": [
                    {
                      "title": "Getting test descriptors",
                      "fullTitle": "Testing Functional requirements pt2 Test TestResult CRUD removing all test descriptors Getting test descriptors",
                      "timedOut": false,
                      "duration": 3,
                      "state": "passed",
                      "speed": "fast",
                      "pass": true,
                      "fail": false,
                      "pending": false,
                      "context": null,
                      "code": "agent.get('/api/testDescriptors')\n.then(function(res){\n    res.should.have.status(200);\n    if(res.body.length !==0){\n        for (let i=0; i<res.body.length; i++){\n            agent.delete('/api/testDescriptor/'+res.body[i].id)\n            .then(function(res2){\n                res2.should.have.status(204);\n            });\n        }\n    }\n    done();\n}).catch(err=>done(err));",
                      "err": {},
                      "uuid": "54c455b3-bfe3-47c8-864a-40ada0c68e47",
                      "parentUUID": "9edddb44-e57e-45fb-b377-56a788e79e21",
                      "isHook": false,
                      "skipped": false
                    }
                  ],
                  "suites": [],
                  "passes": [
                    "54c455b3-bfe3-47c8-864a-40ada0c68e47"
                  ],
                  "failures": [],
                  "pending": [],
                  "skipped": [],
                  "duration": 3,
                  "root": false,
                  "rootEmpty": false,
                  "_timeout": 10000
                },
                {
                  "uuid": "891743ff-c094-44d4-833f-0f18f5105f32",
                  "title": "post /api/sku/",
                  "fullFile": "C:\\Users\\roby6\\OneDrive\\Desktop\\POLITO\\EzWh\\code\\server\\acceptanceTest\\testEzWhAPI.js",
                  "file": "\\acceptanceTest\\testEzWhAPI.js",
                  "beforeHooks": [],
                  "afterHooks": [],
                  "tests": [
                    {
                      "title": "FR 2.1 a -> Define a new SKU",
                      "fullTitle": "Testing Functional requirements pt2 Test TestResult CRUD post /api/sku/ FR 2.1 a -> Define a new SKU",
                      "timedOut": false,
                      "duration": 12,
                      "state": "passed",
                      "speed": "fast",
                      "pass": true,
                      "fail": false,
                      "pending": false,
                      "context": null,
                      "code": "agent.post('/api/sku/')\n.send(thesku)\n.then(function (res) {\n    res.should.have.status(expCode);\n    done();\n}).catch(err=>done(err));",
                      "err": {},
                      "uuid": "dcf2d4ad-a89c-4d1e-b274-3b5540a4b81f",
                      "parentUUID": "891743ff-c094-44d4-833f-0f18f5105f32",
                      "isHook": false,
                      "skipped": false
                    }
                  ],
                  "suites": [],
                  "passes": [
                    "dcf2d4ad-a89c-4d1e-b274-3b5540a4b81f"
                  ],
                  "failures": [],
                  "pending": [],
                  "skipped": [],
                  "duration": 12,
                  "root": false,
                  "rootEmpty": false,
                  "_timeout": 10000
                },
                {
                  "uuid": "a6e118e2-db30-4eb7-8613-553fdd457705",
                  "title": "post /api/sku/",
                  "fullFile": "C:\\Users\\roby6\\OneDrive\\Desktop\\POLITO\\EzWh\\code\\server\\acceptanceTest\\testEzWhAPI.js",
                  "file": "\\acceptanceTest\\testEzWhAPI.js",
                  "beforeHooks": [],
                  "afterHooks": [],
                  "tests": [
                    {
                      "title": "FR 2.1 a -> Define a new SKU",
                      "fullTitle": "Testing Functional requirements pt2 Test TestResult CRUD post /api/sku/ FR 2.1 a -> Define a new SKU",
                      "timedOut": false,
                      "duration": 13,
                      "state": "passed",
                      "speed": "fast",
                      "pass": true,
                      "fail": false,
                      "pending": false,
                      "context": null,
                      "code": "agent.post('/api/sku/')\n.send(thesku)\n.then(function (res) {\n    res.should.have.status(expCode);\n    done();\n}).catch(err=>done(err));",
                      "err": {},
                      "uuid": "c5155c73-7a39-4e69-abb0-ab2ecdfebe0f",
                      "parentUUID": "a6e118e2-db30-4eb7-8613-553fdd457705",
                      "isHook": false,
                      "skipped": false
                    }
                  ],
                  "suites": [],
                  "passes": [
                    "c5155c73-7a39-4e69-abb0-ab2ecdfebe0f"
                  ],
                  "failures": [],
                  "pending": [],
                  "skipped": [],
                  "duration": 13,
                  "root": false,
                  "rootEmpty": false,
                  "_timeout": 10000
                },
                {
                  "uuid": "456b15a1-086a-4893-8653-4f43275b36d2",
                  "title": "get /api/skus",
                  "fullFile": "C:\\Users\\roby6\\OneDrive\\Desktop\\POLITO\\EzWh\\code\\server\\acceptanceTest\\testEzWhAPI.js",
                  "file": "\\acceptanceTest\\testEzWhAPI.js",
                  "beforeHooks": [],
                  "afterHooks": [],
                  "tests": [
                    {
                      "title": "FR 2.3 -> List all SKUs",
                      "fullTitle": "Testing Functional requirements pt2 Test TestResult CRUD get /api/skus FR 2.3 -> List all SKUs",
                      "timedOut": false,
                      "duration": 5,
                      "state": "passed",
                      "speed": "fast",
                      "pass": true,
                      "fail": false,
                      "pending": false,
                      "context": null,
                      "code": "agent.get('/api/skus')\n.then(function (res) {\n    res.should.have.status(expCode);\n    res.body.should.be.a('array');\n    res.body.length.should.be.eql(size);\n    let id = [];\n    if (size > 0) {\n        for (let i = 0; i < size; i++) {\n            id[i] = res.body[i].id;\n            res.body[i].description.should.equal(sku[i].description);\n            res.body[i].weight.should.equal(sku[i].weight);\n            res.body[i].volume.should.equal(sku[i].volume);\n            res.body[i].notes.should.equal(sku[i].notes);\n            res.body[i].availableQuantity.should.equal(sku[i].availableQuantity);\n            res.body[i].price.should.equal(sku[i].price);\n        }\n        ids.setIdSku(id);\n    }             \n    done();\n}).catch(err=>done(err));",
                      "err": {},
                      "uuid": "318bd5f5-36f4-4e6c-b9f8-2c8cdef58919",
                      "parentUUID": "456b15a1-086a-4893-8653-4f43275b36d2",
                      "isHook": false,
                      "skipped": false
                    }
                  ],
                  "suites": [],
                  "passes": [
                    "318bd5f5-36f4-4e6c-b9f8-2c8cdef58919"
                  ],
                  "failures": [],
                  "pending": [],
                  "skipped": [],
                  "duration": 5,
                  "root": false,
                  "rootEmpty": false,
                  "_timeout": 10000
                },
                {
                  "uuid": "b0c890de-11af-4a36-a4f7-0a06c7abeedc",
                  "title": "post /api/skuitem/",
                  "fullFile": "C:\\Users\\roby6\\OneDrive\\Desktop\\POLITO\\EzWh\\code\\server\\acceptanceTest\\testEzWhAPI.js",
                  "file": "\\acceptanceTest\\testEzWhAPI.js",
                  "beforeHooks": [],
                  "afterHooks": [],
                  "tests": [
                    {
                      "title": "Adding skuitem details",
                      "fullTitle": "Testing Functional requirements pt2 Test TestResult CRUD post /api/skuitem/ Adding skuitem details",
                      "timedOut": false,
                      "duration": 10,
                      "state": "passed",
                      "speed": "fast",
                      "pass": true,
                      "fail": false,
                      "pending": false,
                      "context": null,
                      "code": "let id = ids.getIdSku();\nlet skuitem;\nif(myskuitem.SKUId > id.length || myskuitem.SKUId === null){\n    skuitem = newSkuItem(myskuitem.RFID, myskuitem.SKUId , myskuitem.DateOfStock); \n}\nelse{\n    skuitem = newSkuItem(myskuitem.RFID, id[myskuitem.SKUId] , myskuitem.DateOfStock);\n}\nagent.post('/api/skuitem/')\n.send(skuitem)\n.then(function (res) {\n    res.should.have.status(expCode);\n    done();\n}).catch(err=>done(err));",
                      "err": {},
                      "uuid": "390c2473-6e97-495a-ad34-3452905b842d",
                      "parentUUID": "b0c890de-11af-4a36-a4f7-0a06c7abeedc",
                      "isHook": false,
                      "skipped": false
                    }
                  ],
                  "suites": [],
                  "passes": [
                    "390c2473-6e97-495a-ad34-3452905b842d"
                  ],
                  "failures": [],
                  "pending": [],
                  "skipped": [],
                  "duration": 10,
                  "root": false,
                  "rootEmpty": false,
                  "_timeout": 10000
                },
                {
                  "uuid": "b5e309d6-1bfe-46b0-9f25-9739eb3cb4e9",
                  "title": "post /api/skuitem/",
                  "fullFile": "C:\\Users\\roby6\\OneDrive\\Desktop\\POLITO\\EzWh\\code\\server\\acceptanceTest\\testEzWhAPI.js",
                  "file": "\\acceptanceTest\\testEzWhAPI.js",
                  "beforeHooks": [],
                  "afterHooks": [],
                  "tests": [
                    {
                      "title": "Adding skuitem details",
                      "fullTitle": "Testing Functional requirements pt2 Test TestResult CRUD post /api/skuitem/ Adding skuitem details",
                      "timedOut": false,
                      "duration": 11,
                      "state": "passed",
                      "speed": "fast",
                      "pass": true,
                      "fail": false,
                      "pending": false,
                      "context": null,
                      "code": "let id = ids.getIdSku();\nlet skuitem;\nif(myskuitem.SKUId > id.length || myskuitem.SKUId === null){\n    skuitem = newSkuItem(myskuitem.RFID, myskuitem.SKUId , myskuitem.DateOfStock); \n}\nelse{\n    skuitem = newSkuItem(myskuitem.RFID, id[myskuitem.SKUId] , myskuitem.DateOfStock);\n}\nagent.post('/api/skuitem/')\n.send(skuitem)\n.then(function (res) {\n    res.should.have.status(expCode);\n    done();\n}).catch(err=>done(err));",
                      "err": {},
                      "uuid": "6e485f88-dffd-4f7e-ab6f-5465aeb8ea3e",
                      "parentUUID": "b5e309d6-1bfe-46b0-9f25-9739eb3cb4e9",
                      "isHook": false,
                      "skipped": false
                    }
                  ],
                  "suites": [],
                  "passes": [
                    "6e485f88-dffd-4f7e-ab6f-5465aeb8ea3e"
                  ],
                  "failures": [],
                  "pending": [],
                  "skipped": [],
                  "duration": 11,
                  "root": false,
                  "rootEmpty": false,
                  "_timeout": 10000
                },
                {
                  "uuid": "e7b77b55-9d6c-47bb-8098-04b1c4b1e026",
                  "title": "test adding a test descriptor with post",
                  "fullFile": "C:\\Users\\roby6\\OneDrive\\Desktop\\POLITO\\EzWh\\code\\server\\acceptanceTest\\testEzWhAPI.js",
                  "file": "\\acceptanceTest\\testEzWhAPI.js",
                  "beforeHooks": [],
                  "afterHooks": [],
                  "tests": [
                    {
                      "title": "Creating a test descriptor",
                      "fullTitle": "Testing Functional requirements pt2 Test TestResult CRUD test adding a test descriptor with post Creating a test descriptor",
                      "timedOut": false,
                      "duration": 10,
                      "state": "passed",
                      "speed": "fast",
                      "pass": true,
                      "fail": false,
                      "pending": false,
                      "context": null,
                      "code": "let id = ids.getIdSku();\nlet testdescriptor;\nif(mytd.idSKU > id.length || mytd.idSKU === null){\n    testdescriptor = newTestDescriptor(mytd.name, mytd.procedureDescription, mytd.idSKU);\n} \nelse {\n    testdescriptor = newTestDescriptor(mytd.name, mytd.procedureDescription, id[mytd.idSKU]);\n}\n//console.log(testdescriptor);\nagent.post('/api/testDescriptor')\n.send(testdescriptor)\n.then(res2 => {\n    assert.equal(res2.status, expCode);\n    done();\n}).catch(err=>done(err));",
                      "err": {},
                      "uuid": "1466e541-ebb6-4ff0-a412-0e9001d800a4",
                      "parentUUID": "e7b77b55-9d6c-47bb-8098-04b1c4b1e026",
                      "isHook": false,
                      "skipped": false
                    }
                  ],
                  "suites": [],
                  "passes": [
                    "1466e541-ebb6-4ff0-a412-0e9001d800a4"
                  ],
                  "failures": [],
                  "pending": [],
                  "skipped": [],
                  "duration": 10,
                  "root": false,
                  "rootEmpty": false,
                  "_timeout": 10000
                },
                {
                  "uuid": "01c362b8-0007-4076-81c1-bfcbb783e427",
                  "title": "get /api/testDescriptors",
                  "fullFile": "C:\\Users\\roby6\\OneDrive\\Desktop\\POLITO\\EzWh\\code\\server\\acceptanceTest\\testEzWhAPI.js",
                  "file": "\\acceptanceTest\\testEzWhAPI.js",
                  "beforeHooks": [],
                  "afterHooks": [],
                  "tests": [
                    {
                      "title": "Getting All TestDescriptors",
                      "fullTitle": "Testing Functional requirements pt2 Test TestResult CRUD get /api/testDescriptors Getting All TestDescriptors",
                      "timedOut": false,
                      "duration": 5,
                      "state": "passed",
                      "speed": "fast",
                      "pass": true,
                      "fail": false,
                      "pending": false,
                      "context": null,
                      "code": "agent.get('/api/testDescriptors')\n.then(function(res){\n    res.should.have.status(expCode);\n    res.body.length.should.be.equal(size);\n    res.body.should.be.a('array');\n    let id = [];\n    let idSKUs = ids.getIdSku();\n    for(let i=0; i<res.body.length; i++){\n        id[i]=res.body[i].id;\n        res.body[i].name.should.equal(mytd[i].name);\n        res.body[i].procedureDescription.should.equal(mytd[i].procedureDescription);\n        res.body[i].idSKU.should.equal(idSKUs[mytd[i].idSKU]);\n    }\n    ids.setIdTestDescriptor(id);\n    done();\n}).catch(err=>done(err));",
                      "err": {},
                      "uuid": "9fc9d804-b969-48fb-9676-c1d670dbaf6e",
                      "parentUUID": "01c362b8-0007-4076-81c1-bfcbb783e427",
                      "isHook": false,
                      "skipped": false
                    }
                  ],
                  "suites": [],
                  "passes": [
                    "9fc9d804-b969-48fb-9676-c1d670dbaf6e"
                  ],
                  "failures": [],
                  "pending": [],
                  "skipped": [],
                  "duration": 5,
                  "root": false,
                  "rootEmpty": false,
                  "_timeout": 10000
                },
                {
                  "uuid": "06fcb3ee-2c3d-4ad7-9260-b25af9ffb432",
                  "title": " get /api/skuitems/:rfid/testResults",
                  "fullFile": "C:\\Users\\roby6\\OneDrive\\Desktop\\POLITO\\EzWh\\code\\server\\acceptanceTest\\testEzWhAPI.js",
                  "file": "\\acceptanceTest\\testEzWhAPI.js",
                  "beforeHooks": [],
                  "afterHooks": [],
                  "tests": [
                    {
                      "title": "Get all test results associated to a certain rfid",
                      "fullTitle": "Testing Functional requirements pt2 Test TestResult CRUD  get /api/skuitems/:rfid/testResults Get all test results associated to a certain rfid",
                      "timedOut": false,
                      "duration": 6,
                      "state": "passed",
                      "speed": "fast",
                      "pass": true,
[...]
                      "title": "FR 3.2.2 -> Modify a quality test",
                      "fullTitle": "Testing Functional requirements pt2 Test TestResult CRUD  put /api/skuitems/:rfid/testResult/:id FR 3.2.2 -> Modify a quality test",
                      "timedOut": false,
                      "duration": 26,
                      "state": "passed",
                      "speed": "fast",
                      "pass": true,
                      "fail": false,
                      "pending": false,
                      "context": null,
                      "code": "agent.get('/api/skuitems/'+validrfid+'/testResults')\n.then(function(res){\n    console.log(\"this is it\", res.body);\n    let trid = res.body[0].id;\n    agent.put('/api/skuitems/'+rfid+'/testResult/'+trid)\n    .send({\"newIdTestDescriptor\":res.body[0].idTestDescriptor,\"newDate\":\"2022/01/01\",\"newResult\":false})\n    .then(function(res2){\n        console.log(\"I'm heeeeereeee\", res2.body);\n        res2.should.have.status(expCode);\n        done();\n    }).catch(err=>done(err));\n});",
                      "err": {},
                      "uuid": "52500850-e563-4b08-9eeb-292f708345d8",
                      "parentUUID": "826546b9-98c4-4a9c-ab6e-7c5593ac3b00",
                      "isHook": false,
                      "skipped": false
                    }
                  ],
                  "suites": [],
                  "passes": [
                    "52500850-e563-4b08-9eeb-292f708345d8"
                  ],
                  "failures": [],
                  "pending": [],
                  "skipped": [],
                  "duration": 26,
                  "root": false,
                  "rootEmpty": false,
                  "_timeout": 10000
                },
                {
                  "uuid": "5bb65e88-0cc8-4b35-bb36-1588e6108a17",
                  "title": " put /api/skuitems/:rfid/testResult/:id",
                  "fullFile": "C:\\Users\\roby6\\OneDrive\\Desktop\\POLITO\\EzWh\\code\\server\\acceptanceTest\\testEzWhAPI.js",
                  "file": "\\acceptanceTest\\testEzWhAPI.js",
                  "beforeHooks": [],
                  "afterHooks": [],
                  "tests": [
                    {
                      "title": "Modify a test results given its rfid and id and new fields",
                      "fullTitle": "Testing Functional requirements pt2 Test TestResult CRUD  put /api/skuitems/:rfid/testResult/:id Modify a test results given its rfid and id and new fields",
                      "timedOut": false,
                      "duration": 11,
                      "state": "passed",
                      "speed": "fast",
                      "pass": true,
                      "fail": false,
                      "pending": false,
                      "context": null,
                      "code": "agent.get('/api/skuitems/'+validrfid+'/testResults')\n.then(function(res){\n    let trid = res.body[0].id;\n    agent.put('/api/skuitems/'+rfid+'/testResult/'+trid)\n    .send({\"newIdTestDescriptor\":res.body[0].idTestDescriptor,\"newDate\":\"2022/01/01\",\"newResult\":false})\n    .then(function(res2){\n        res2.should.have.status(expCode);\n        done();\n    }).catch(err=>done(err));\n});",
                      "err": {},
                      "uuid": "939344a2-5617-4f9d-a392-1c5b67d93ce6",
                      "parentUUID": "5bb65e88-0cc8-4b35-bb36-1588e6108a17",
                      "isHook": false,
                      "skipped": false
                    }
                  ],
                  "suites": [],
                  "passes": [
                    "939344a2-5617-4f9d-a392-1c5b67d93ce6"
                  ],
                  "failures": [],
                  "pending": [],
                  "skipped": [],
                  "duration": 11,
                  "root": false,
                  "rootEmpty": false,
                  "_timeout": 10000
                },
                {
                  "uuid": "35ddeec1-0b65-462d-a5ea-82494743b25b",
                  "title": " put /api/skuitems/:rfid/testResult/:id",
                  "fullFile": "C:\\Users\\roby6\\OneDrive\\Desktop\\POLITO\\EzWh\\code\\server\\acceptanceTest\\testEzWhAPI.js",
                  "file": "\\acceptanceTest\\testEzWhAPI.js",
                  "beforeHooks": [],
                  "afterHooks": [],
                  "tests": [
                    {
                      "title": "Modify a test results given its rfid and id and new fields",
                      "fullTitle": "Testing Functional requirements pt2 Test TestResult CRUD  put /api/skuitems/:rfid/testResult/:id Modify a test results given its rfid and id and new fields",
                      "timedOut": false,
                      "duration": 9,
                      "state": "passed",
                      "speed": "fast",
                      "pass": true,
                      "fail": false,
                      "pending": false,
                      "context": null,
                      "code": "agent.get('/api/skuitems/'+validrfid+'/testResults')\n.then(function(res){\n    let trid = res.body[0].id;\n    agent.put('/api/skuitems/'+rfid+'/testResult/'+trid)\n    .send({\"newIdTestDescriptor\":res.body[0].idTestDescriptor,\"newDate\":\"2022/01/01\",\"newResult\":false})\n    .then(function(res2){\n        res2.should.have.status(expCode);\n        done();\n    }).catch(err=>done(err));\n});",
                      "err": {},
                      "uuid": "2af0c8d4-7128-445e-8115-f9dc6475d7dc",
                      "parentUUID": "35ddeec1-0b65-462d-a5ea-82494743b25b",
                      "isHook": false,
                      "skipped": false
                    }
                  ],
                  "suites": [],
                  "passes": [
                    "2af0c8d4-7128-445e-8115-f9dc6475d7dc"
                  ],
                  "failures": [],
                  "pending": [],
                  "skipped": [],
                  "duration": 9,
                  "root": false,
                  "rootEmpty": false,
                  "_timeout": 10000
                },
                {
                  "uuid": "509c1f31-d7d2-4763-b9bb-edf310dccf46",
                  "title": " get /api/skuitems/:rfid/testResults",
                  "fullFile": "C:\\Users\\roby6\\OneDrive\\Desktop\\POLITO\\EzWh\\code\\server\\acceptanceTest\\testEzWhAPI.js",
                  "file": "\\acceptanceTest\\testEzWhAPI.js",
                  "beforeHooks": [],
                  "afterHooks": [],
                  "tests": [
                    {
                      "title": "Get all test results associated to a certain rfid",
                      "fullTitle": "Testing Functional requirements pt2 Test TestResult CRUD  get /api/skuitems/:rfid/testResults Get all test results associated to a certain rfid",
                      "timedOut": false,
                      "duration": 7,
                      "state": "passed",
                      "speed": "fast",
                      "pass": true,
                      "fail": false,
                      "pending": false,
                      "context": null,
                      "code": "agent.get('/api/skuitems/'+rfid+'/testResults')\n.then(function(res){\n    let all = [];\n    res.should.have.status(expCode);\n    res.body.should.be.a('array');\n    console.log(\"all tr for rfid\", res.body);\n    for(let i=0; i<res.body.length; i++){\n        all[i] = res.body[i].id;\n    }\n    ids.setIdTRonRFID(all);\n    done();\n}).catch(err=>done(err));",
                      "err": {},
                      "uuid": "2a88afc6-b0e8-46d5-b4f2-8d1db1f6afff",
                      "parentUUID": "509c1f31-d7d2-4763-b9bb-edf310dccf46",
                      "isHook": false,
                      "skipped": false
                    }
                  ],
                  "suites": [],
                  "passes": [
                    "2a88afc6-b0e8-46d5-b4f2-8d1db1f6afff"
                  ],
                  "failures": [],
                  "pending": [],
                  "skipped": [],
                  "duration": 7,
                  "root": false,
                  "rootEmpty": false,
                  "_timeout": 10000
                },
                {
                  "uuid": "f6a75c9a-397d-438d-a9b4-da5e3594100b",
                  "title": " delete /api/skuitems/:rfid/testResult/:id",
                  "fullFile": "C:\\Users\\roby6\\OneDrive\\Desktop\\POLITO\\EzWh\\code\\server\\acceptanceTest\\testEzWhAPI.js",
                  "file": "\\acceptanceTest\\testEzWhAPI.js",
                  "beforeHooks": [],
                  "afterHooks": [],
                  "tests": [
                    {
                      "title": "FR 3.2.3 -> Delete a quality test",
                      "fullTitle": "Testing Functional requirements pt2 Test TestResult CRUD  delete /api/skuitems/:rfid/testResult/:id FR 3.2.3 -> Delete a quality test",
                      "timedOut": false,
                      "duration": 14,
                      "state": "passed",
                      "speed": "fast",
                      "pass": true,
                      "fail": false,
                      "pending": false,
                      "context": null,
                      "code": "agent.get('/api/skuitems/'+rfid+'/testResults')\n.then(function(res){\n    let trid = res.body[0].id;\n    //console.log(res.body);\n    agent.delete('/api/skuitems/'+rfid+'/testResult/'+trid)\n    .then(function(res2){\n        res2.should.have.status(expCode);\n        done();\n    }).catch(err=>done(err));\n});",
                      "err": {},
                      "uuid": "b613eeac-90ea-495a-b21b-d2765b8a1b36",
                      "parentUUID": "f6a75c9a-397d-438d-a9b4-da5e3594100b",
                      "isHook": false,
                      "skipped": false
                    }
                  ],
                  "suites": [],
                  "passes": [
                    "b613eeac-90ea-495a-b21b-d2765b8a1b36"
                  ],
                  "failures": [],
                  "pending": [],
                  "skipped": [],
                  "duration": 14,
                  "root": false,
                  "rootEmpty": false,
                  "_timeout": 10000
                },
                {
                  "uuid": "6c0f0eff-2072-4d79-862d-c92d7ce159f0",
                  "title": " get /api/skuitems/:rfid/testResults",
                  "fullFile": "C:\\Users\\roby6\\OneDrive\\Desktop\\POLITO\\EzWh\\code\\server\\acceptanceTest\\testEzWhAPI.js",
                  "file": "\\acceptanceTest\\testEzWhAPI.js",
                  "beforeHooks": [],
                  "afterHooks": [],
                  "tests": [
                    {
                      "title": "Delete all test results associated to a certain rfid",
                      "fullTitle": "Testing Functional requirements pt2 Test TestResult CRUD  get /api/skuitems/:rfid/testResults Delete all test results associated to a certain rfid",
                      "timedOut": false,
                      "duration": 8,
                      "state": "passed",
                      "speed": "fast",
                      "pass": true,
                      "fail": false,
                      "pending": false,
                      "context": null,
                      "code": "agent.get('/api/skuitems/'+rfid+'/testResults')\n.then(function(res){\n    res.should.have.status(expCode);\n    res.body.should.be.a('array');\n    console.log(\"delete all\", res.body);\n    for(let i=0; i<res.body.length; i++){\n        agent.delete('/api/skuitems/'+rfid+'/testResult/'+res.body[i].id)\n        .then(function(res2){\n            res2.should.have.status(204);\n        });\n    }\n    done();\n}).catch(err=>done(err));",
                      "err": {},
                      "uuid": "52ad6e95-adc4-42a1-b7d1-2a0c513e61b2",
                      "parentUUID": "6c0f0eff-2072-4d79-862d-c92d7ce159f0",
                      "isHook": false,
                      "skipped": false
                    }
                  ],
                  "suites": [],
                  "passes": [
                    "52ad6e95-adc4-42a1-b7d1-2a0c513e61b2"
                  ],
                  "failures": [],
                  "pending": [],
                  "skipped": [],
                  "duration": 8,
                  "root": false,
                  "rootEmpty": false,
                  "_timeout": 10000
                },
                {
                  "uuid": "b808f4cc-bf1b-41d9-a5c8-816a937c7b07",
                  "title": "removing all skuitems",
                  "fullFile": "C:\\Users\\roby6\\OneDrive\\Desktop\\POLITO\\EzWh\\code\\server\\acceptanceTest\\testEzWhAPI.js",
                  "file": "\\acceptanceTest\\testEzWhAPI.js",
                  "beforeHooks": [],
                  "afterHooks": [],
                  "tests": [
                    {
                      "title": "Getting SKUitems",
                      "fullTitle": "Testing Functional requirements pt2 Test TestResult CRUD removing all skuitems Getting SKUitems",
                      "timedOut": false,
                      "duration": 5,
                      "state": "passed",
                      "speed": "fast",
                      "pass": true,
                      "fail": false,
                      "pending": false,
                      "context": null,
                      "code": "agent.get('/api/skuitems')\n.then(function (res) {\n    res.should.have.status(200);\n    if (res.body.length !==0) {\n        for (let i = 0; i < res.body.length; i++) {\n            agent.delete('/api/skuitems/'+res.body[i].RFID)\n            .then(function (res2) {\n                res2.should.have.status(204); \n            });\n        }\n        \n    } \n    done();\n}).catch(err => done(err));",
                      "err": {},
                      "uuid": "515b0be7-199e-4e00-bb53-f614799e2ec7",
                      "parentUUID": "b808f4cc-bf1b-41d9-a5c8-816a937c7b07",
                      "isHook": false,
                      "skipped": false
                    }
                  ],
                  "suites": [],
                  "passes": [
                    "515b0be7-199e-4e00-bb53-f614799e2ec7"
                  ],
                  "failures": [],
                  "pending": [],
                  "skipped": [],
                  "duration": 5,
                  "root": false,
                  "rootEmpty": false,
                  "_timeout": 10000
                },
                {
                  "uuid": "7f1557f8-1498-428e-ba33-29e17ea6f315",
                  "title": "removing all skus",
                  "fullFile": "C:\\Users\\roby6\\OneDrive\\Desktop\\POLITO\\EzWh\\code\\server\\acceptanceTest\\testEzWhAPI.js",
                  "file": "\\acceptanceTest\\testEzWhAPI.js",
                  "beforeHooks": [],
                  "afterHooks": [],
                  "tests": [
                    {
                      "title": "Getting SKUs",
                      "fullTitle": "Testing Functional requirements pt2 Test TestResult CRUD removing all skus Getting SKUs",
                      "timedOut": false,
                      "duration": 18,
                      "state": "passed",
                      "speed": "fast",
                      "pass": true,
                      "fail": false,
                      "pending": false,
                      "context": null,
                      "code": "agent.get('/api/skus')\n.then(function (res) {\n    res.should.have.status(200);\n    if (res.body.length !==0) {\n        for (let i = 0; i < res.body.length; i++) {\n            \n            agent.delete('/api/skus/'+res.body[i].id)\n            .then(function (res2) {\n                res2.should.have.status(204);\n            });\n        }\n    } \n    done();\n}).catch(err => done(err));",
                      "err": {},
                      "uuid": "4b9d0609-b180-4e89-8743-fbc4d72625ac",
                      "parentUUID": "7f1557f8-1498-428e-ba33-29e17ea6f315",
                      "isHook": false,
                      "skipped": false
                    }
                  ],
                  "suites": [],
                  "passes": [
                    "4b9d0609-b180-4e89-8743-fbc4d72625ac"
                  ],
                  "failures": [],
                  "pending": [],
                  "skipped": [],
                  "duration": 18,
                  "root": false,
                  "rootEmpty": false,
                  "_timeout": 10000
                },
                {
                  "uuid": "46c426f6-a0d2-4e20-88b4-0c8097221d7e",
                  "title": "removing all test descriptors",
                  "fullFile": "C:\\Users\\roby6\\OneDrive\\Desktop\\POLITO\\EzWh\\code\\server\\acceptanceTest\\testEzWhAPI.js",
                  "file": "\\acceptanceTest\\testEzWhAPI.js",
                  "beforeHooks": [],
                  "afterHooks": [],
                  "tests": [
                    {
                      "title": "Getting test descriptors",
                      "fullTitle": "Testing Functional requirements pt2 Test TestResult CRUD removing all test descriptors Getting test descriptors",
                      "timedOut": false,
                      "duration": 16,
                      "state": "passed",
                      "speed": "fast",
                      "pass": true,
                      "fail": false,
                      "pending": false,
                      "context": null,
                      "code": "agent.get('/api/testDescriptors')\n.then(function(res){\n    res.should.have.status(200);\n    if(res.body.length !==0){\n        for (let i=0; i<res.body.length; i++){\n            agent.delete('/api/testDescriptor/'+res.body[i].id)\n            .then(function(res2){\n                res2.should.have.status(204);\n            });\n        }\n    }\n    done();\n}).catch(err=>done(err));",
                      "err": {},
                      "uuid": "1589a641-ed47-4f10-8e7f-8c749d05aa88",
                      "parentUUID": "46c426f6-a0d2-4e20-88b4-0c8097221d7e",
                      "isHook": false,
                      "skipped": false
                    }
                  ],
                  "suites": [],
                  "passes": [
                    "1589a641-ed47-4f10-8e7f-8c749d05aa88"
                  ],
                  "failures": [],
                  "pending": [],
                  "skipped": [],
                  "duration": 16,
                  "root": false,
                  "rootEmpty": false,
                  "_timeout": 10000
                }
              ],
              "passes": [],
              "failures": [],
              "pending": [],
              "skipped": [],
              "duration": 0,
              "root": false,
              "rootEmpty": false,
              "_timeout": 10000
            }
          ],
          "passes": [],
          "failures": [],
          "pending": [],
          "skipped": [],
          "duration": 0,
          "root": false,
          "rootEmpty": false,
          "_timeout": 10000
        }
      ],
      "passes": [],
      "failures": [],
      "pending": [],
      "skipped": [],
      "duration": 0,
      "root": true,
      "rootEmpty": true,
      "_timeout": 10000
    }
  ],
  "meta": {
    "mocha": {
      "version": "9.2.2"
    },
    "mochawesome": {
      "options": {
        "quiet": false,
        "reportFilename": "mochawesome",
        "saveHtml": true,
        "saveJson": true,
        "consoleReporter": "spec",
        "useInlineDiffs": false,
        "code": true
      },
      "version": "7.1.3"
    },
    "marge": {
      "options": null,
      "version": "6.2.0"
    }
  }
}